3 0 227 276
3 1 237 223
3 2 286 204
4 3 228 172 289
3 4 215 202
4 5 252 195 116
3 6 273 262
4 7 206 103 298
2 8 272
2 9 152
3 10 184 185
2 11 162
2 12 119
3 13 248 261
3 14 127 225
2 15 156
3 16 251 131
4 17 140 253 247
3 18 222 180
3 19 265 245
3 20 168 211
3 21 283 220
4 22 109 240 137
3 23 194 241
3 24 161 145
3 25 183 205
4 26 123 130 219
3 27 136 104
3 28 235 126
4 29 182 231 264
4 30 256 246 287
3 31 294 165
3 32 198 274
2 33 295
3 34 121 159
3 35 113 106
2 36 154
4 37 210 254 188
3 38 238 151
3 39 173 125
3 40 122 141
2 41 260
2 42 249
3 43 100 166
4 44 278 129 190
4 45 209 128 169
2 46 288
2 47 134
3 48 263 197
2 49 239
3 50 255 181
3 51 170 112
3 52 105 216
3 53 148 271
2 54 203
3 55 224 144
3 56 201 221
3 57 157 114
3 58 149 284
3 59 230 269
3 60 196 178
4 61 193 176 150
3 62 108 234
3 63 160 179
4 64 266 268 275
2 65 101
4 66 296 279 102
2 67 214
3 68 164 212
3 69 107 280
4 70 171 236 258
3 71 146 282
5 72 177 118 291 138
2 73 124
4 74 174 270 226
3 75 218 285
3 76 163 187
4 77 115 199 232
3 78 175 142
3 79 277 213
3 80 158 267
3 81 153 243
3 82 250 111
2 83 259
3 84 233 155
3 85 120 143
3 86 132 244
3 87 167 117
2 88 207
2 89 135
4 90 186 191 200
4 91 192 147 257
2 92 242
4 93 281 189 293
2 94 208
4 95 139 110 297
2 96 217
3 97 299 229
2 98 133
3 99 290 292
