67 0 6896 8389 6033 9926 7393 1807 7941 7784 8865 252 1003 4575 4759 9405 8658 1795 1934 2075 5196 9433 4960 1239 3428 3412 864 9881 5958 7812 7580 1613 5120 4926 1890 2879 4442 5747 5514 3588 7962 5966 97 1194 9920 9080 2665 9773 9593 5723 7346 2820 3615 4917 9733 8887 1393 4726 6238 4932 8153 7369 3984 3861 8162 1005 4631 3968
58 1 6826 9625 3871 6969 1095 5695 8404 5812 249 4229 3604 5903 3435 7213 4177 8445 1304 1998 8650 2690 6536 5031 8072 6195 8927 5623 6628 7424 1269 4063 2358 5859 2136 1400 4007 886 1184 8086 7463 3785 2503 7703 5470 6119 9802 3900 3471 7075 1683 7772 8345 9293 9378 3389 9243 2727 5698
64 2 1345 7503 2825 1265 4176 4934 7028 8885 7513 8466 4584 5526 3473 2477 8654 7079 4481 8304 6676 7774 5140 9575 7271 2525 2668 703 7341 3426 8268 2302 1312 562 9019 4016 8004 901 799 2487 5378 8778 4068 1865 1955 1752 4222 5193 5712 5930 9236 1646 292 6438 6997 3909 7835 4324 1341 7537 8695 7805 2442 4597 766
65 3 3856 6806 3081 8665 8888 1082 3728 7619 558 3120 6560 4427 4907 6245 6626 9071 1411 6835 747 2626 597 3461 8122 4042 1511 2177 1593 5135 9127 941 4639 9580 8016 1897 5845 7483 1092 7978 6207 5843 9684 6387 274 4574 5464 6771 6136 433 2420 4482 7410 5457 350 566 8310 3681 627 7612 4606 8578 1470 7942 2815 5397
64 4 2355 814 4187 2281 6612 3348 1836 3026 8131 7895 4573 1287 5880 6850 9910 7141 5385 8972 9276 8205 5772 3288 6467 2602 83 4990 1918 8180 7695 5764 4936 9811 100 9014 7839 1356 4954 2397 7596 2631 4644 6040 9367 3906 7382 8449 5398 8001 8903 1467 5791 4806 1592 4818 1022 1094 3986 7001 8330 1822 145 4408 3566
59 5 8053 7507 2763 2283 3857 5192 7266 5582 2246 2604 9321 3476 7833 6037 967 880 7905 4152 6188 9612 6038 5276 8732 9268 2167 2509 2607 7043 2760 4767 8765 2551 5732 9755 2731 7130 6404 4288 6386 813 9950 8719 2105 1545 3084 3797 5176 2918 7437 849 8588 9516 6762 8238 8468 1395 1581 8794
2 6 9953
56 7 4412 6775 644 9818 5343 5559 1876 4863 1817 5111 3673 6377 8915 1583 6348 5527 1076 133 8245 5134 4309 9717 5237 6968 5236 6740 8992 9184 7917 5570 6535 3259 2239 1254 1262 4167 8706 9784 1650 5205 4527 3546 9291 2407 3376 741 7178 2433 3771 9814 1098 9863 4896 3417 6308
59 8 4479 4359 6333 8338 2492 8429 3396 7429 5033 4870 6158 966 9893 5231 4608 8366 982 6149 4877 1532 1488 8608 8112 3394 3721 1540 5277 8367 7524 7999 7397 6747 5842 2467 1910 4618 8728 9290 7494 902 5077 3212 7458 4413 5929 4037 273 7184 6052 2014 5246 8508 3175 8879 2704 7032 7094 3550
63 9 4815 1776 8355 9704 6166 5050 4411 3595 9970 4376 7638 8993 7468 9172 5996 5479 5248 3156 8462 6967 4753 9382 4115 8081 7502 6503 4668 7847 524 4833 5441 4472 4110 2799 6730 6477 4458 2030 9090 3308 4922 9945 8227 3000 5095 4839 979 7054 7170 9841 3517 5683 6639 2720 7174 9130 8790 1741 8856 9597 7968 1432
58 10 1546 180 6689 5065 9318 2996 2656 2148 2870 6687 3070 8334 3056 5668 2203 1423 3224 4452 8235 9486 2140 2777 1745 9586 5059 9450 5554 9116 4279 6964 9523 475 8891 6327 279 3789 6152 8738 5540 6862 8570 8697 8223 1442 4008 3148 4667 7976 6953 7404 4845 5778 714 9898 1753 3086 4384
60 11 7615 7082 3474 3048 2610 2309 5088 1241 6458 2296 6163 483 9260 2317 3772 6802 5394 7063 9018 5179 2678 1401 1424 6984 3366 4478 439 4991 4059 9359 6266 9868 3591 8073 1336 2378 7131 688 9265 4593 2837 3568 8671 4447 3677 9110 139 764 6933 605 9699 5016 5331 5006 6663 869 8333 349 3918
62 12 5230 710 5858 3134 8720 1309 2595 9518 2178 5946 417 5737 2677 1762 9097 8357 3349 6284 3130 236 9182 2469 1509 1207 137 2462 4997 3955 5771 4984 1421 833 838 184 594 3598 8619 7000 8121 5078 6131 4343 3934 721 8094 5163 9651 1719 7480 1133 5350 8394 6945 8855 4819 7867 2394 1271 739 6250 4660
61 13 7787 8341 3692 2578 234 484 3699 8195 3028 1957 174 960 1349 7528 1365 1363 190 3468 7286 7663 5560 6215 8079 6254 5198 3663 3649 6902 7598 4847 989 2594 2162 4814 5549 3350 1814 8415 5177 9181 348 5454 9830 9498 7670 5040 9581 4976 2806 301 5379 9195 9544 9792 7654 5319 9975 6478 6711 5755
53 14 320 5895 727 9456 3323 4433 1558 9040 2232 7247 4683 4821 7258 4369 7378 8291 3564 8800 5308 3694 6155 2808 7924 5748 426 443 3556 185 2860 4246 7750 7852 9424 8985 6365 1805 5305 9106 313 4742 1696 6071 1755 4146 9623 6251 3180 115 3559 2301 6279 2092
61 15 6605 6784 6814 7551 4672 1028 1759 5545 8192 5284 6884 3100 451 9666 1810 602 9796 7511 8911 3208 4214 6827 7160 6922 188 3273 7868 9801 3850 207 2205 4652 2994 806 9282 7119 5955 4035 6891 3314 4436 4722 6831 287 9752 7664 1001 3497 7228 5701 8837 4475 8625 1552 5749 8939 4099 9373 3219 120
54 16 6995 7479 9964 2463 438 141 4669 9987 2210 839 5628 3932 4534 1466 8257 5638 3032 4999 6090 3147 1898 610 2011 7166 7296 6446 8796 3464 9145 7855 7500 9244 557 5678 1621 7718 604 357 3838 4407 820 1677 5965 9736 3429 9558 2391 690 4730 6050 6811 9650 9034
58 17 2922 1930 2535 9867 1642 8768 1863 2363 545 8881 4322 3695 4514 6112 4758 2743 2756 4946 3444 3547 4399 2253 8485 3189 1819 3884 7221 3698 5424 1658 3768 1618 2694 7705 5465 3664 3231 5017 2046 1986 5082 6710 2971 6475 1827 7759 4616 997 2775 229 8187 6966 226 3351 2449 2057 6766
60 18 4513 6300 1402 4138 3530 5475 6960 2501 3849 2682 9324 9713 516 990 4596 5112 5152 9538 9644 444 9251 2353 879 9458 7118 2015 2939 1566 8391 7763 9864 3713 5626 1474 2454 5087 1327 3647 1829 6938 6989 8535 7403 2706 8961 8770 1706 6283 2705 8563 7697 3012 5285 7696 8059 8772 6488 9247 3181
60 19 7035 8866 1601 9309 1973 1586 3739 1281 7337 6513 6431 8926 8483 4529 7990 993 3114 4692 3883 9531 6991 5861 6319 1067 1916 9891 517 2893 9426 9522 921 5057 6970 8005 216 4202 8610 1002 9642 6075 6137 9503 6751 4431 7767 9873 3689 4945 6371 170 3655 1975 6419 7647 4995 7187 6750 1183 7738
62 20 7533 8214 474 7446 7074 7569 3452 128 7566 8373 5989 1582 6017 3284 9264 4046 1292 8711 6003 5347 8649 4188 7643 4701 6864 8218 88 4175 5061 4354 7863 9317 1033 2432 623 5988 2708 4719 5233 2707 891 4939 8489 5936 4415 5537 8938 2612 1859 2109 4183 3002 7305 4023 3106 3085 6977 968 911 3691 2496
60 21 3503 7030 563 7698 9835 9122 1626 3386 9481 985 6649 988 9887 8493 5893 9451 4429 874 8424 2160 1892 7218 7085 2235 220 9561 3068 5690 4386 1809 2038 409 5275 682 6729 6533 3702 1818 9249 2712 2212 8340 9180 3482 7202 4250 8455 4150 8918 9962 1417 6496 1055 7504 5142 659 526 8526 412
54 22 7024 2636 4921 2550 9758 4026 7146 2717 7447 3982 2689 6453 2059 4181 1875 7964 3312 4515 930 7407 7801 9376 2310 872 1054 3594 1196 8949 2862 7100 8729 6008 4086 3382 1295 1153 6448 8862 5404 8581 4073 642 8463 2721 3343 8101 4127 1982 6721 6389 1903 9095 4270
54 23 2533 7749 826 4805 7635 3834 5401 9789 4062 8039 5550 4230 3925 7114 2548 4133 9993 5835 8123 4785 4453 4465 9786 9205 2504 2683 816 2117 5834 373 3671 7453 5822 8735 9570 2211 9655 9011 5751 2478 7731 8408 5186 3643 6956 2653 770 4891 628 5476 7661 4120 8383
57 24 147 793 1293 1705 9505 5447 8050 3360 302 6842 8833 7390 8043 2049 9400 1274 2657 9632 587 8293 384 8717 8486 7295 1846 9131 9596 1377 7055 7681 171 9250 6940 3018 3327 2568 1111 4640 6468 8808 4387 9737 8009 9085 6405 6700 9013 7711 8820 7658 8070 5212 8611 2267 896 4797
53 25 1523 7637 7462 9686 2933 8259 6385 9657 9515 8491 2405 2123 5602 1929 8546 2681 8482 829 4236 6920 9595 2784 8232 1775 6004 4559 5434 2382 4944 3034 8531 2349 7388 5548 3430 6888 9314 3567 6641 9227 2680 2460 4523 1340 8746 398 6817 6666 3005 6939 5345 3073
63 26 574 8363 1405 6082 1840 4924 5891 5833 3003 8035 9664 894 8042 7858 6516 278 169 5886 6754 7752 2472 8215 8775 1086 6683 7376 9396 1536 3912 5617 9000 490 1991 2517 6159 2543 5768 8098 6407 6460 3182 5289 2332 8613 1734 7938 9709 1578 6555 3532 4850 7901 1298 9408 7235 7829 8076 1155 5318 5064 7442 4287
55 27 4551 3083 5272 8941 9803 1608 925 8045 1631 7059 5068 541 2152 4943 3617 6237 7581 4765 2480 8801 4378 1404 4173 4228 3375 7510 3579 496 5317 8186 3255 2687 4419 2684 2710 2719 6126 2831 7409 3098 9388 332 3346 3171 1225 3277 5998 3544 2276 4189 712 4232 6154 6307
59 28 4217 5616 2048 1137 4158 9060 1249 536 3061 8012 3251 2400 6821 8015 9905 5839 6484 9634 8991 1723 6526 8208 1025 3264 6497 8348 96 1491 5829 9401 5428 9601 3383 4226 1909 2081 3313 8948 5564 1561 8324 7432 8872 7088 2323 3821 3234 6883 5392 4678 551 3462 2846 1244 6019 707 2973 4965
58 29 3701 3640 3281 1960 9617 230 8530 1780 7046 7194 9690 5145 3711 9474 6813 1970 1962 1541 3518 7832 8830 5547 6767 9258 1370 8516 6471 1118 7882 6564 1481 5977 8019 2641 4860 9499 4029 8062 7875 2023 3096 376 2581 2437 5481 6908 7148 186 382 6506 2110 2347 2526 8147 2150 2066 4170
59 30 8285 7080 2532 5873 3815 7532 1848 588 6874 5187 6487 6822 6403 2101 9073 1285 9471 9555 2781 9856 3835 5338 4480 6855 4077 2758 6587 2493 2859 7490 5128 4097 2286 337 131 4592 2569 522 8970 7764 1058 9760 531 2077 165 9311 5838 9614 7058 2658 1590 8149 7316 8860 5000 8414 8436 2992
56 31 202 5164 6607 6795 2923 771 4034 2336 7554 6644 854 6693 8677 5487 5795 4535 6324 4032 999 1823 5266 8667 6244 3874 3809 8017 6412 2566 2007 9126 3272 8401 4014 4746 804 4634 5947 3072 5968 2047 8924 1878 3319 6014 5069 6272 8416 1757 6260 288 758 3600 951 5453 1983
59 32 7481 5781 8852 6429 8521 1861 85 5094 842 6636 7318 129 5806 5045 6181 6500 2303 3425 5358 6794 7374 4777 1140 6994 7062 4520 7077 8841 285 6895 1280 7048 5674 4643 6225 4713 5656 1034 4394 8260 9511 3947 6885 6770 4066 4680 8737 9705 7626 454 8920 307 2316 160 6463 705 740 660
60 33 9213 9609 6791 2227 6248 631 4645 4695 4872 2200 6320 7804 6941 1475 9051 361 7182 2005 6717 8032 4473 3076 5251 1091 7026 4124 876 5823 1881 8821 6501 2536 2696 8137 3001 629 1252 8595 6481 3889 4553 9759 9489 7317 2742 9307 3036 4755 3745 2848 6753 6069 909 972 912 5657 5127 4790 4502
60 34 4733 9780 2652 2039 5919 7332 6356 9963 3794 6435 7161 3488 8908 783 5851 9027 4928 4569 9529 2427 2816 8364 5355 1330 4837 2914 7601 6539 8519 3963 4788 9384 6774 6722 7282 1324 2969 5715 3737 5243 5469 8798 448 4594 1322 4329 3733 5813 1119 2667 2821 4392 4962 9254 762 7012 2013 9929 9563
59 35 9421 7287 7034 240 9199 1035 2438 3653 196 9360 7857 1366 5315 9671 6584 7649 1088 3203 7873 4738 9582 5809 4598 359 2601 3329 549 7880 1972 4316 148 1429 7293 5085 6746 4333 7173 3179 4832 5639 1412 1768 2809 5939 3537 5116 1113 2863 8565 1596 5108 2185 4563 4122 4111 3818 423 7101
63 36 9035 5954 1747 9115 9413 4725 400 8884 7009 3864 2485 6833 7694 8139 6541 8708 4856 2572 3178 5070 6097 4625 2796 6085 2616 7991 5790 8894 4106 8097 7950 4321 1059 1282 3913 7656 6577 1880 3769 4615 3082 2256 5817 4971 4842 7225 8116 3138 1020 5368 2153 5304 4920 9404 6015 9691 3613 8078 1571 4095 6682 7634
61 37 5199 7859 1006 155 5171 2108 1041 8087 4128 9654 4002 5337 8229 3706 7126 6548 7237 3401 5153 8253 4470 7359 4579 2022 1167 1896 9753 3184 6117 774 383 5333 8857 7622 7944 4843 752 3914 6315 4716 7400 8375 1610 3561 7889 3596 4718 2561 7760 5010 6046 5995 5697 2640 8818 9099 7149 5269 689 4198
61 38 3545 3271 5003 6363 1081 1209 3526 6323 6652 6265 3144 5745 9719 8254 1921 3420 9673 9738 9425 5546 1832 6103 1974 4377 7331 3690 2439 3328 9739 4900 4089 6634 611 256 9809 9174 4205 3638 8441 297 195 2753 1946 860 646 6521 1704 938 5915 2320 9464 5075 4651 6656 8586 5689 7127 3470 8036 9256
36 39 8727 9934 5126 9345 3206 1460 9437 8020 6016 1595 2157 3303 8722 1825 471 1718 6545 1125 8854 1908 4621 9350 3651 8052 8751 1139 299 4875 4148 7156 1302 7073 3915 9072 6720
58 40 4609 5694 8069 9880 9472 7576 8388 9338 769 7909 386 4793 6934 3301 1218 670 5655 3040 745 1733 6124 221 6495 341 6739 7850 441 3780 6292 8093 1351 8627 8943 7966 222 6797 772 5856 2348 6023 7548 3063 6230 1936 9559 4306 5820 5508 8700 5520 430 4448 1630 8817 8547 2856 3741
57 41 1634 4098 4812 527 6540 7351 258 5900 1839 5432 4132 8200 6563 7323 1941 3141 2642 2120 5143 5488 7086 4390 5291 9468 2298 3140 5746 1138 4737 6086 6398 5122 1682 4091 3656 2213 3513 9677 8477 1205 166 3065 4949 7757 8696 1380 8662 6395 1297 8342 3535 8126 3496 8040 5872 4430
56 42 7329 1895 9444 2097 3869 9724 3115 3159 9696 973 5600 3199 7586 986 2089 4782 5234 2265 8617 9159 9055 5387 1339 7313 8395 201 4803 4315 7620 4605 7349 935 1750 9574 3845 851 6168 4550 5348 6459 8541 8297 4041 9936 3540 4058 328 3197 1348 8277 2793 6671 1314 6466 5803
37 43 4131 9274 5497 8048 1635 9779 625 1963 3937 4786 9319 6544 7045 1688 183 3089 2516 9967 9211 4638 3676 8095 3193 2119 5486 2216 9052 2728 2410 4070 7885 4630 6482 7854 507 8680
60 44 7692 7928 8011 4015 4649 9869 2329 5138 7090 8240 7778 9939 7899 310 3747 6227 2890 6450 6712 5744 2869 9946 2888 6554 9610 2518 4017 1632 7785 95 8446 152 2374 7302 5210 5512 1882 6067 5556 8799 5569 903 5170 8119 402 9846 2674 4702 3252 381 9010 9693 9325 672 5118 2383 7981 6854 8656
64 45 8100 9851 5220 3200 1458 7547 7891 316 6483 6068 7357 6120 8660 7352 7203 7520 9647 8381 4873 4882 738 8014 5405 7257 8272 5770 6116 205 6674 8282 9776 7893 6848 7789 245 2033 3846 4908 242 7980 6706 8246 8785 6725 1135 6146 7291 892 8142 510 6091 9081 9501 6125 8164 3872 7391 6543 1686 3919 3795 2772 3013
64 46 1860 2042 9431 4673 6083 7501 4462 6594 7278 2716 3374 6581 9765 5594 5773 150 3899 4499 4389 2669 450 2676 8065 3472 7334 1594 7685 1838 458 4554 5685 7642 9323 2857 7422 4566 8636 4902 2675 467 7179 101 5200 6118 2807 6808 5362 5049 5090 3894 8630 7188 802 3712 138 2783 9434 4985 2867 1556 1136 6231 1105
57 47 9107 4022 6436 2001 1871 1099 5524 5024 2468 4247 7411 7740 2308 2145 2220 7578 5240 3158 2854 4582 3940 2547 2104 2770 9643 3188 2588 5052 5093 9134 326 8848 2009 5429 2315 2828 6819 9769 8114 818 1308 1756 472 3369 1175 3648 2277 497 5474 6509 2940 2839 7517 8242 5158 647
62 48 6796 3117 975 6600 5130 1919 9853 1406 1949 2017 7060 4840 2732 8968 5885 8188 7416 7289 871 7985 4459 2944 7385 8209 3897 8858 2794 8540 9469 121 9100 5329 3601 1994 9432 1786 8169 6894 4734 7134 3590 6566 8755 8827 8981 9767 1276 8107 1664 7132 4056 321 9900 8988 5869 8875 959 5340 6171 843 1246
59 49 3243 8298 3168 6012 435 1066 1453 4031 2648 4524 9316 8265 6106 8566 2154 9007 7959 5014 9459 8175 3875 2951 9285 3658 4591 4528 7052 862 4862 1273 4117 2465 3238 992 6066 5255 4622 104 2945 8641 9850 4549 5383 8548 9616 7067 5374 3409 2076 6851 5159 2711 5976 8031 7813 665 6049 8945
68 50 4525 9059 7888 9003 4772 4750 5376 7934 8105 9139 3090 178 3075 6303 5219 1074 6780 4190 8117 8263 3447 1409 6588 1575 7238 9897 5273 6206 2635 1788 6101 6421 5426 8384 1272 3859 8571 983 6465 5686 1698 432 6798 4352 8141 932 5982 5114 4810 8356 3790 2818 2925 6380 3629 9158 6856 5089 8877 1121 1966 8365 306 4045 2398 3957 375
57 51 9299 9233 3440 4681 7389 3038 5326 478 6872 156 3427 3662 1673 6183 5279 4654 5445 5581 7573 342 4975 1781 7239 622 4686 4163 4372 309 2896 852 2318 440 8110 6229 675 2927 3933 7017 1543 2255 2714 2362 3562 266 4586 4698 4898 7234 2542 3392 4319 8975 6053 5180 7223 5819
54 52 370 9577 855 3241 1039 4123 5229 3227 6236 124 1950 1576 6520 4126 1956 3226 6838 6809 3714 6779 5360 6426 7678 6392 6335 8106 4318 473 4546 2305 7926 2194 9155 2897 5604 8181 6223 8842 7135 2369 5551 9944 965 4801 7197 6547 658 2773 9473 5300 2175 1425 5022
56 53 1448 8507 5314 1674 5295 5785 3494 87 1124 537 6629 9718 1383 5756 2972 4822 6684 4420 394 2491 7209 6733 3896 9638 2068 8942 4994 8544 9956 5098 9346 4607 9044 6987 4211 4849 7010 3750 6981 706 5887 5373 327 3597 2693 4067 3116 5328 1073 970 3362 6234 9238 8451 8193
63 54 1384 9689 8021 2026 494 6677 7998 8944 1599 8409 3931 780 9805 4082 9326 7886 1134 1177 750 4121 6640 8628 8051 4438 2952 4451 9668 9187 9637 7671 8561 6673 5832 3882 5113 4254 3525 8901 3761 9061 3880 7628 6142 163 9164 4650 9030 7610 1317 9735 9113 3371 9383 2060 7177 3450 6705 5804 7843 4374 7482 6490
58 55 7842 1537 8444 6756 1554 5155 2921 1649 8150 3725 2102 2440 3555 9430 6590 8349 2500 9764 9232 3247 5797 9025 7201 4403 6210 5847 7605 9189 1728 561 3205 8041 5985 3403 3916 8057 1435 3223 4320 1277 7380 8374 2322 2003 5466 7299 3293 3195 6219 9761 1835 853 6930 8989 801 7951 6849
12 56 7706 7098 2447 250 6923 5282 5868 8674 7818 5598 270
10 57 699 6664 5297 9173 595 5515 630 2494 7736
62 58 2036 5063 8669 5606 1864 2801 9193 5580 7860 1463 5197 7379 2679 3118 9259 4360 6906 6390 354 6440 3800 794 5422 8907 8329 1707 719 3446 499 5921 6034 3142 3021 7602 6524 8248 9525 7995 7969 3552 6313 7876 834 6642 1600 4363 6277 2071 5658 1504 6018 5874 2352 9296 6476 2247 5054 8456 7290 4033 5256
55 59 5439 508 1360 8657 1160 5203 6847 2435 5925 9386 5871 4735 5249 2106 3950 8239 4628 5498 1493 3510 8308 1127 2740 2544 9094 9077 931 3507 2088 3942 2482 2163 7751 4142 6578 7675 224 511 8998 6255 3582 1944 6321 6742 9379 553 5811 281 9885 3650 9399 1782 6618 7727
62 60 8655 1886 7791 5472 8582 4093 2865 591 8574 8956 4537 7137 5760 6059 9198 7869 2885 9589 1767 7910 7211 7198 6696 7673 5306 8264 4536 6929 6785 2459 7540 289 5115 1980 6420 6115 5757 126 8204 8721 6718 7967 7267 6665 1004 2639 9178 7897 1180 1038 735 1689 6270 3839 1800 5726 6454 8893 8762 9497 420
63 61 7499 8296 3067 3910 2736 4257 2622 4961 2137 6898 9921 3434 2845 1049 7443 7543 7230 2552 1016 3770 9058 1902 2737 9287 9813 3727 9355 7798 3612 819 4345 701 7734 8597 272 3304 9065 2586 9877 7879 525 9039 3756 2168 8428 9552 991 2512 5086 6302 5097 4409 809 2272 7563 7219 8514 9708 3571 9120 620 5538
55 62 3311 6542 6686 1681 2904 6379 3088 4200 942 4341 4141 5399 2735 9512 7089 704 8064 5030 3469 8905 6063 4682 4001 6241 227 3449 7866 2483 4544 548 7413 9894 9348 8607 4577 7220 1559 5323 5543 4422 3399 4342 8921 243 9138 8262 8605 2412 5664 1148 5605 5754 135 4054
58 63 7505 3479 7336 3017 1198 2035 7418 1169 358 4957 3611 9740 7677 1173 5456 676 5934 6456 7702 5607 4489 2043 2986 1507 7116 9343 8314 1831 4020 7015 7809 6880 2490 9046 3959 3164 4272 4769 8653 395 685 8892 5038 4078 4601 621 9079 6943 6201 8156 2882 7878 836 4491 3286 5775 6243
58 64 1247 5636 5204 7004 4588 2129 4532 7254 9578 5993 2115 1064 8922 9988 9334 2489 9726 550 1420 7124 6745 9064 7347 8233 4382 7036 6986 9787 2118 7181 6061 3634 194 5215 7881 7666 3740 1289 6427 8692 6132 4744 5307 7487 2248 4974 713 7565 7690 1310 6732 4781 9387 2069 1142 246 2787
55 65 7445 8916 6971 4906 779 2476 3110 6643 470 3511 3805 7224 4385 6660 6099 6105 2902 2646 3660 7498 2094 2672 5552 6113 9308 3456 2171 5671 8258 7044 5762 6647 9446 8734 5228 8838 7631 3066 8024 7014 5673 3873 4130 2733 7906 5459 9257 7399 7340 1708 8382 4297 7120 3829
59 66 6579 9567 7522 2284 9743 1954 2582 2396 6551 501 9286 633 9546 9560 365 7383 3774 4558 2935 5909 9225 200 2587 9074 8572 4425 1070 2360 8498 723 6111 5039 698 5313 2596 4113 1454 427 6793 8399 8152 8271 164 4602 1129 4688 4331 4723 219 3477 5680 3961 4568 3607 8699 295 9224 4966
59 67 2892 3121 8176 3162 2193 1548 7614 5957 7259 2805 7912 8251 4371 5704 2126 8596 255 4927 4706 9368 9675 8400 3700 6528 8085 5944 8687 6887 4300 7140 4827 9592 6550 7441 5201 744 1612 8994 4011 9517 6596 578 7105 3516 1283 3563 8575 7817 4859 8880 5495 3515 8995 1415 5986 656 4721 2236
60 68 5037 2563 8518 3373 5733 3261 7846 760 4646 7870 291 3758 2847 2803 6759 9681 4993 2072 4065 6593 7136 3354 9857 9588 2082 5707 2633 3777 9876 5802 2300 2739 9937 9969 4708 9510 4203 7761 8191 4325 5531 4404 1123 284 2883 8267 2381 8792 825 1353 1014 3112 3529 3886 9087 1019 5482 8471 2192
57 69 3102 5207 8067 5044 2840 9304 4548 7204 580 8559 8804 2949 1149 3485 2946 1981 5136 6022 1925 5166 669 9242 4884 4561 4526 2051 4853 2782 7545 650 6306 733 1693 2027 7633 2413 3080 9162 7200 2252 6624 9336 1573 827 1562 5799 3765 7338 998 5846 6434 559 5828 5415 9874 388
59 70 1158 8410 6009 2095 5789 7641 7653 1482 9543 736 4867 8740 8999 863 2421 1645 6330 8270 3377 3788 1522 4471 371 7358 6262 92 3177 1443 110 9327 6198 6781 260 103 1441 9842 6218 731 7810 8501 693 2429 7519 199 9935 7252 3107 6638 6965 5471 717 5879 9320 3746 2451 904 9931 763
60 71 336 4560 1202 7644 9978 7121 8599 9528 6439 5190 5367 8325 3145 7557 1116 4764 2871 2963 6047 5766 2802 5162 6703 1905 687 6267 7113 6650 9854 3214 7231 7444 3726 7651 5641 5863 5883 7997 4662 5815 5411 4846 3589 9175 6344 2722 3225 3669 4252 9241 9341 8769 1489 3605 1778 8089 1657 9800 873
61 72 6373 9697 4774 5615 7360 9954 6765 8109 9017 4956 7157 7672 3292 7025 5144 944 2954 5156 1893 6447 6041 1889 974 8793 2024 6990 6370 2411 6362 5585 5437 4983 3010 2868 5188 5055 7823 2906 2295 3478 4085 9692 4044 9981 7948 8190 2983 7107 3941 3840 866 3999 6654 3560 7268 7927 3833 6359 906 8279
13 73 692 7669 4968 1214 940 6191 9021 889 1433 2830 2436 2080
55 74 5649 923 7597 8851 7747 1476 2797 1320 576 259 6757 5914 5595 7206 3465 8928 1567 2702 6514 4381 2976 8124 8211 4151 7310 2461 2932 1042 8511 2342 552 6193 1487 130 7535 3218 971 8953 377 6065 2560 3860 9907 2853 8470 9488 407 294 1917 1598 980 2326 1811 8917
54 75 5821 5451 7973 2651 4940 7952 5371 5950 4834 8936 8542 8406 9504 172 6843 3696 140 6875 7066 5901 7872 3353 3491 4980 5375 3847 4457 489 6322 2789 3370 2215 6205 648 1821 4108 6161 9783 8092 6494 2649 5662 5810 5529 2169 1761 6992 6043 6337 6777 7084 5332 9397
52 76 9190 1147 7264 1884 1971 8913 2638 7765 1629 2571 1726 390 2875 8077 4049 4829 2356 4240 210 7460 452 3355 5091 5351 1943 1637 8771 8789 7844 3487 7440 8743 9771 2617 1937 9605 5574 5729 8997 9016 1452 4614 2800 9622 8170 8433 3030 4243 5666 3467 9212
60 77 7766 1030 6127 5705 6936 1229 7095 8465 9337 1713 4012 7183 5794 3841 2219 6441 1891 6329 369 910 1342 1222 3935 1731 8965 555 6204 1985 9229 1103 5117 3862 3531 2974 8027 3808 6294 4311 564 3628 8869 1806 6755 8088 6226 2795 8849 6799 7561 331 7955 8723 9979 5072 1078 2278 7246 6491 9961
60 78 4456 3345 7512 2757 1077 2271 360 3812 3748 6369 608 237 8703 4675 3244 3016 3297 1804 533 1032 2221 6316 9279 5216 3267 5539 5107 6562 5023 3974 8018 1569 2186 6915 4506 3705 6029 4437 7584 7544 5102 7214 1027 6627 6364 786 7384 1427 2965 9520 6350 6455 6558 3951 8764 3413 6461 8311 8870
57 79 7795 4476 882 1083 1625 1490 9194 8096 7558 4185 9509 8661 4213 7613 9768 1830 3139 8198 6388 6672 8895 6713 9412 2354 463 8686 4935 7646 3998 571 4291 768 4657 1468 5260 1926 513 5334 2293 757 6801 8307 4712 1182 8691 9997 2554 6904 9125 4485 5325 893 480 3299 9339 9083
57 80 640 4400 2254 4398 8286 1157 7903 1010 9349 9427 1187 1979 6839 2637 798 7640 4693 6715 5386 6840 1438 3678 3126 2956 6276 6202 6357 1069 917 3917 9009 835 6810 1763 8673 1416 1640 6174 4079 7175 3642 3290 4658 6772 8256 3627 4890 1386 2834 9004 9548 5223 6143 1230 5798 7396
