10 0 1459 553 2010 2718 2986 3573 9323 8694 1463
22 1 4380 1004 7665 7095 1834 3797 8866 708 6400 3133 6171 409 6800 3170 6532 9195 7368 3820 3714 2618 8774
24 2 3749 2958 3742 4363 7553 8806 7001 9396 3684 5034 4418 8530 1203 2992 7298 9138 2207 4456 3891 9704 2371 545 7897
23 3 4249 6005 9862 1151 1784 610 2293 915 8502 3034 7566 1808 7992 3830 8897 6667 1403 4645 9619 7264 4555 6251
25 4 2134 7943 8247 8603 9277 4277 3369 4085 8717 8114 8834 7938 7508 2152 5487 3969 6082 1745 4778 2835 4119 7757 465 5028
24 5 5833 5460 2092 6683 5971 2001 552 2473 1360 9422 6332 3346 2903 6357 5177 4923 566 514 8775 2159 1559 6083 8194
19 6 2918 8624 2609 7793 5847 1560 4041 3987 3217 4270 9289 2632 2707 2032 4078 1868 2922 7631
27 7 1725 4802 5708 8707 1655 8473 2437 8884 626 8737 5389 1688 2488 5966 3565 9912 4607 3799 4909 9885 4008 4556 9660 922 6967 1143
14 8 6834 8998 4737 9087 2085 5989 7596 5629 5843 7294 9049 5459 2276
21 9 7003 9158 3150 473 3257 2930 8073 8922 6609 9677 4901 7315 3866 7756 9774 7927 562 2888 6981 2124
13 10 2662 2155 7320 413 5855 5964 1475 5808 7881 511 6190 7999
16 11 619 1686 4112 5647 4399 5105 6237 5494 2430 6061 1547 6868 899 959 8422
23 12 1572 9355 744 6808 7080 4287 592 4748 9762 6290 3251 2794 6411 2974 4508 9136 2988 2615 1740 2326 8770 1949
24 13 2242 9310 4212 8932 2600 8733 2341 4445 7014 8058 2148 6390 3004 6000 2171 3598 2639 8208 9863 746 5120 4756 2357
14 14 8046 6583 1953 9130 8276 6373 1539 9808 7087 9067 3846 1118 8821
19 15 3215 3114 410 7186 6197 493 3319 1420 8390 3593 4129 7755 4227 4452 3855 2391 7632 3433
19 16 4148 7516 2453 6742 2831 824 3477 7076 8030 8334 8024 4477 1093 8326 3740 8031 6430 1632
21 17 6108 2374 2777 9154 3651 1281 7540 7786 5744 7004 7489 1236 5683 1123 9127 4755 4595 2675 9282 909
20 18 3868 9526 6978 2586 3512 8364 3208 8339 6749 2559 9048 1937 2712 5614 5385 7885 9194 1294 8582
13 19 9702 5136 8253 3520 3882 7409 6528 5541 3258 5171 5042 4469
21 20 8606 2722 794 1753 7304 4255 3620 7775 4706 997 9291 8186 1134 4875 9415 9698 4803 6738 8720 9515
17 21 5908 9575 7457 3550 3062 6138 6090 3097 8462 9855 8896 2994 5569 6537 4954 2016
22 22 9447 7728 9474 9638 2472 5533 6162 9201 4424 2170 9909 2726 4051 2833 5922 3535 7899 1006 7046 3768 8122
10 23 2022 5899 1557 7122 2167 9931 7668 3754 8830
19 24 447 6943 8553 787 6522 1030 8671 4566 7717 2081 5022 9553 5829 8484 1954 1316 8431 8331
11 25 5721 6922 7636 9723 4094 2175 3671 2622 6722 3176
21 26 5044 9676 4486 6588 5109 9431 3909 6875 2560 6709 9590 6144 2900 7179 2028 4164 918 9212 1018 7785
16 27 1155 6639 6249 7644 1522 2035 5592 9628 7367 5785 4819 5557 8861 7108 1138
20 28 6724 7718 6060 9484 3580 1296 6641 897 4938 7141 3301 5013 5150 6368 2239 4219 5331 5519 5985
20 29 3256 9965 5845 5635 2241 4758 2321 6284 8738 2624 9296 8277 8841 5066 3641 4693 5987 9257 9094
19 30 4996 6055 6133 2140 7864 5727 1509 1372 4254 5715 4919 7849 4850 9452 1781 1904 4646 3755
24 31 3555 3910 2670 5070 6915 8564 2271 1918 9580 4033 1941 2867 2208 3798 9995 9884 7818 2771 5706 4885 1739 8925 8260
13 32 1554 3494 9276 4784 2866 7432 8609 4951 3576 3963 9327 2764
23 33 2594 4484 4323 4273 9053 1647 6271 4584 1096 7011 9973 6404 2460 1301 1635 6451 4824 445 9351 6078 1830 4676
12 34 2605 634 8380 9782 1465 9249 7132 9027 9389 6511 3341
8 35 1624 4659 9303 7064 2418 8214 1474
12 36 5321 9220 3703 4114 5045 9531 1249 3944 3701 4796 8378
14 37 1433 1380 5776 9363 1488 6239 3240 2950 3384 8531 7241 3288 589
21 38 2499 1827 2904 4115 3922 4278 9535 6457 1299 7662 5798 7738 8986 9744 5652 9073 4176 8915 6899 4644
24 39 7345 9626 6627 8410 5068 9015 9004 1938 7693 9321 1402 9886 6662 5435 9332 3261 3498 7549 8405 1553 9707 9911 8907
19 40 8672 4848 6717 5784 690 546 3036 2012 2487 7077 2782 7971 7603 8939 5584 5827 5736 5444
22 41 2978 1323 1251 670 4994 868 2345 749 2154 6499 5777 9932 3479 5041 1068 3892 3743 8233 4783 9983 6387
19 42 6902 7218 9654 5978 9840 5205 3933 841 1964 2874 7658 5079 5552 3747 6623 5759 7036 4411
16 43 9540 1092 5221 6791 4013 4281 8813 1693 9374 6730 3860 6567 4604 2934 8291
15 44 7314 2931 8414 2305 8506 1268 1207 4709 1246 4704 6747 6546 9560 1165
10 45 8167 9784 9705 3879 4493 2335 2851 4887 5099
15 46 8785 9153 7334 5979 5328 3018 1997 1854 5082 2985 9066 3985 1226 3711
12 47 4298 6172 1982 1578 4294 4744 569 3385 2216 7206 4214
12 48 3252 6934 8306 9692 6366 1500 5076 4211 1425 1518 9745
22 49 928 584 8316 7513 6376 7422 7629 7964 8317 6930 752 4037 5525 6845 6966 520 9506 6435 7670 1756 1396
16 50 5664 4664 6210 3861 940 8751 8567 7710 3172 435 8153 8134 3726 8927 2667
17 51 448 6463 2091 3045 2322 7041 6035 2915 1654 1856 6263 1053 2869 9892 4860 3800
15 52 9764 2768 3897 4768 4324 4463 7203 8533 9176 1178 9262 5831 8613 5787
18 53 2693 7248 1091 3513 6010 4599 1715 4720 2169 3661 7211 3544 7178 7807 6903 3709 9443
18 54 7280 2313 4854 1884 9428 7392 9403 2876 591 8005 2190 677 6553 3281 7201 6238 850
17 55 2517 4665 443 9851 2550 7637 4035 3220 4633 1973 1566 9163 1527 3353 5492 3928
15 56 7476 1776 3519 2068 5751 8815 6699 8828 4843 3579 1097 1998 4519 7463
23 57 1119 9953 9974 4485 7461 6880 9536 6997 6459 5451 4687 1259 5216 8693 6877 4976 6009 3449 2955 1248 4229 5009
9 58 4460 4253 2050 9219 4386 4414 9504 6735
21 59 2112 6560 3368 6750 7929 7532 3055 7805 8789 2905 4276 9278 6993 1872 2666 3695 9738 9299 7586 3826
18 60 5452 3191 8145 9407 6264 4799 2659 8212 892 1084 3049 525 5942 882 471 5478 8041
24 61 4163 1831 650 4265 6994 1772 5791 2399 4787 9271 7449 2945 7395 9267 8100 7827 8798 8838 8159 9209 7911 6020 3053
26 62 6072 2142 1328 3816 9785 4282 4206 9633 7339 4166 8446 8644 5685 6047 2816 454 7488 9945 9778 9940 3772 4514 5718 3019 509
24 63 7373 1003 1424 7288 2766 8492 5697 8371 5853 3867 5660 1441 1131 1313 5148 6336 4360 6538 9816 6625 3621 2532 7761
18 64 8885 8812 6519 7983 9773 2270 3461 8225 431 4133 3314 9710 2623 1308 6591 8154 4832
19 65 5997 1724 5671 4467 9171 5421 3821 3276 2126 6579 4855 6262 6186 2489 9917 1332 5465 5180
23 66 3091 9581 9364 1255 8478 4124 7055 4743 3094 692 8416 3073 434 3567 6120 6862 1821 6153 5118 1467 4081 9165
21 67 5758 1699 3081 2338 5542 2309 1820 6406 2235 3212 2222 1965 2587 9120 7136 1458 8855 2971 6050 8711
20 68 9503 7771 6892 5612 7889 2564 5016 5454 9518 1648 9460 7358 6982 3527 7544 7598 3710 9996 7870
7 69 4127 3560 5306 4108 9385 4539
19 70 3206 1614 5048 4470 7922 1430 8680 3166 2921 1627 1730 7902 8867 9292 8750 5204 6129 4150
8 71 4625 5348 9597 5106 2581 8497 7661
20 72 8868 9118 1009 5165 408 5058 2234 9107 7601 4683 8615 3112 2002 6443 6265 2347 3992 1340 7857
25 73 3117 6070 9402 2539 9713 6789 5781 3233 659 4822 5795 9942 9384 7098 7214 1552 2046 3103 8218 3584 7313 5427 2348 1231
22 74 8718 8645 2465 1752 2315 8140 9156 3196 8697 1511 3102 6003 6987 8298 4988 8011 7068 5477 4619 8759 3127
19 75 4306 798 4597 2360 8734 8632 4491 8169 691 9160 4297 9331 4636 6311 9546 7890 4349 6107
21 76 3359 2847 4939 4309 8686 6084 6694 3419 8292 6216 3601 7714 1675 1671 4893 6146 3603 9202 7415 5091
16 77 2272 8395 2214 6481 1634 6225 5219 9842 1423 4825 4609 8558 9625 563 2557
16 78 5151 9252 9285 3371 2525 7209 6182 6030 7570 1262 5659 2205 7871 2236 7119
24 79 5950 9032 9697 5231 7157 6756 4701 3326 8523 8880 2803 8093 5999 3194 9284 4719 1749 5972 8423 2044 4036 2243 3167
24 80 9657 4658 1197 7309 4605 880 7445 9711 929 4780 9491 4946 4767 4117 8213 7582 8783 7400 1540 5152 1787 4382 3148
25 81 6012 9666 8313 2178 9037 8882 8175 8436 2627 9643 3850 7546 3761 4837 8899 1112 4835 2107 4422 5372 561 4383 1409 8183
22 82 8251 6250 8377 2023 6648 2191 2183 6562 3474 7740 4199 3412 5566 3545 4537 1413 4413 1455 1809 8665 1291
22 83 2289 3960 2682 4274 9905 6884 7257 871 2073 2385 6764 9797 8209 7906 6189 1347 651 1570 2425 5876 7936
28 84 3213 6743 1520 7361 4713 5364 8955 3815 4883 6998 9115 7070 9270 1031 6705 5948 3586 3997 9095 7597 6996 2370 2024 3165 729 1769 5699
24 85 1057 7806 3829 6334 2886 5323 6086 5425 9969 8320 9170 8900 8399 3991 570 9421 6295 3344 1710 2483 7083 1171 2219
18 86 5072 9735 7639 5101 574 417 7035 5375 9149 1379 497 8611 2856 3413 1094 1015 4907
22 87 4998 9559 1172 9281 8128 6191 8544 1621 2008 2125 3505 3977 3660 9891 5089 485 5123 4727 6116 4498 2324
14 88 5739 8248 9530 8809 1609 1732 9946 5743 6962 3528 7676 3585 4551
18 89 8365 6486 925 4699 7365 4167 8516 1017 1230 8850 5720 9213 8988 7403 8252 8330 6527
16 90 2721 3746 6485 441 7590 5215 7300 2199 3631 1043 7479 4960 7426 1778 1783
13 91 3311 9240 6677 1853 6608 685 6167 2902 9215 4688 1339 6081
14 92 946 7176 1456 5329 3872 3802 6025 1810 981 9174 6293 2212 2855
20 93 4054 6309 5423 2355 8835 7159 4337 8322 5307 823 5073 1862 5591 9023 8146 4540 3325 4409 6605
14 94 9751 5837 5495 9187 720 6656 9757 5170 6185 970 4348 8974 3308
22 95 1286 440 3976 3925 7333 4109 2067 8328 1972 4000 655 818 7880 7961 821 1990 3345 4161 4143 1881 8878
27 96 5481 1341 2947 676 1502 2595 9627 4431 5774 9825 5841 5112 7423 3604 8551 5124 5466 6438 7237 3069 5814 7223 5320 8174 3748 3924
22 97 6530 7907 2262 1345 9963 9424 3839 9587 5710 2501 7612 8509 9517 5440 4620 7459 834 6569 7363 1077 6051
9 98 7798 5802 9336 5090 9565 9121 3331 9787
14 99 8160 8343 9406 9382 8995 1191 7627 9418 8635 8344 3490 3914 4373
25 100 8736 8543 5482 4091 594 3101 5050 7281 8075 6488 1020 5547 1460 3021 5563 764 9769 5862 8049 2743 2253 817 8064 1133
7 101 6564 9679 7379 699 6544 7547
19 102 6689 3623 6601 7279 683 4473 7086 4076 2626 8740 1777 1336 1027 1909 7618 5778 5609 6543
10 103 2007 8411 2993 1446 2188 5019 8894 8071 687
21 104 5763 8143 6678 3728 6946 1707 3318 4943 5703 7162 2641 5381 4779 5337 667 6619 1980 1222 4321 6377
10 105 7501 5078 3222 5064 3617 1825 8824 3068 9709
13 106 9586 6602 1126 7497 9208 1563 4042 8911 7878 6536 9420 9223
23 107 6363 694 9410 6149 2798 629 8197 4813 6148 4585 758 9753 8314 9805 6781 812 864 8877 8508 748 2478 1300
13 108 9780 7447 2519 8960 1754 1319 9759 2277 4296 4871 4420 5846
23 109 1666 1476 8126 9485 6671 9990 4263 3730 9901 4261 4921 1521 4521 6727 2848 4692 7877 3756 5195 8648 7142 9951
19 110 7438 1060 9792 3168 1371 1117 7888 6925 3913 2674 9045 1692 3347 2791 5500 4328 7804 7542
5 111 7487 4046 8862 8536
22 112 5424 7094 519 4978 7815 8705 9399 8537 4182 836 8028 3076 7138 6950 2883 8593 6193 8172 1717 7605 6905
22 113 7133 9612 3966 7419 7065 2653 9372 5202 8940 3192 2841 3378 6160 621 4841 4462 4678 1335 5650 1848 437
22 114 2261 2832 7593 1789 8499 1373 1173 3967 2696 9688 1936 2443 3473 6700 8984 6266 8147 8572 4660 5446 7381
24 115 4189 1705 7088 623 9957 6716 639 9412 3851 3099 6655 9703 6980 8584 3734 1984 406 1901 449 2566 5666 6886 5680
17 116 4572 4823 3889 3934 8108 6570 3250 796 9016 1562 9259 829 7947 5087 6077 1626
15 117 6169 4628 6004 641 5733 8177 1169 7139 767 4804 632 5977 7794 9878
19 118 5437 8676 3147 8185 2278 4729 2042 1005 1931 5918 6027 4295 5568 9870 6157 5192 4216 4972
18 119 8048 6241 4685 6426 9685 8392 2099 4842 3568 4305 5923 7615 3688 3375 645 8074 1888
18 120 9648 1625 3312 8001 3279 2823 7579 1238 3050 9381 4080 1604 3177 8265 3697 6244 5237
11 121 9444 7716 6533 6364 4213 2405 9690 1047 5916 4006
21 122 6102 5186 9678 4181 9183 1646 8480 8800 3937 4475 6973 1869 8259 2838 5809 9217 6572 6307 9416 851
16 123 9489 5900 7502 3402 3759 2967 3178 567 7985 4955 7602 7377 7866 872 5838
23 124 4340 9068 9139 5902 9566 1501 3945 795 8369 9147 1939 4402 9309 5714 8342 3080 934 8507 6318 9850 9747 8578
14 125 5260 7957 4497 2415 1883 4561 3241 3896 8730 5458 9746 3793 7926
23 126 8272 2332 3656 5401 3083 5442 1641 596 5866 9155 3115 2179 6882 3445 5493 3012 5253 8083 4123 4495 1490 1082
24 127 8087 8106 6811 4662 3753 1468 7969 7825 1506 8608 8245 1633 8583 5117 7745 7032 6423 7244 8517 976 3287 3784 5263
16 128 605 9520 8246 6841 2737 6851 6752 7273 4017 6478 2482 7184 1584 4062 5513
18 129 631 2999 4864 2853 4847 6913 2530 6754 815 5695 8929 8091 1665 9294 3104 5741 9732
16 130 4884 7821 5018 2433 1631 9681 8356 6912 5276 5187 7190 9453 797 1842 565
19 131 6526 5031 905 5888 5517 5373 9072 5131 1482 790 4750 3679 4453 7519 7672 9334 5836 4318
23 132 5505 7620 7589 7557 5213 1639 7649 1875 9438 5330 4533 6477 4631 9899 8350 3274 4178 2829 6896 3398 8400 5135
23 133 8721 2352 7427 9333 3935 2815 1406 665 4821 6782 2685 2447 9543 2302 6300 7002 3683 2761 7354 9646 2569 2342
18 134 2298 745 9989 2180 8346 4722 9815 4918 9306 7116 7072 9091 3084 6173 7729 2121 1376
15 135 9944 2648 3731 9441 756 4736 5663 7545 8909 6944 7412 3506 3098 9699
18 136 6548 6555 3521 960 1874 8459 2163 8712 1036 9375 6928 2336 6067 9955 3410 2568 5404
18 137 8526 9400 5488 3890 8461 6872 9498 4718 3843 8057 5993 9123 4397 8816 7657 2187 6039
18 138 4924 3775 1140 7163 1645 7073 8746 2899 9691 2637 5247 6974 5396 8190 8724 6827 3280
18 139 6830 6664 6445 6187 7522 2474 7034 2114 5620 1086 4084 6964 9371 9401 8401 4075 5882
23 140 1975 1932 9265 5949 8327 582 1066 9641 717 5707 6201 1940 1261 1815 8623 2033 993 4053 2708 4353 5803 4242
19 141 6131 5339 549 4618 2429 743 8357 6688 6861 5011 1826 1637 3376 2842 9056 4543 1042 773
14 142 4087 7056 8779 5961 423 3391 7967 9483 4870 6847 5832 7420 8157
23 143 2863 7746 3262 1850 3763 4388 706 5003 7416 4010 2390 6361 9179 8979 4140 3871 4146 6074 5994 8873 680 8202
22 144 2379 3610 3792 7027 1484 4852 5722 9849 3921 4334 661 6746 8944 3124 8852 5579 7550 3135 5805 8621 3926
23 145 8991 6863 8739 1597 7743 3304 5450 8283 4587 7414 5309 5555 3401 2052 7213 3541 529 5200 1599 7486 9913 9589
25 146 3139 7454 2141 4638 9308 7507 5750 686 2037 1489 3825 5282 1694 2210 1196 8136 7722 8037 8425 2914 2858 9811 9071 9838
13 147 8016 2346 4097 4569 6045 2054 2005 1278 2518 3142 6066 1858
21 148 1367 995 3350 8166 761 3606 5752 8832 716 5937 1550 5646 9490 6389 7274 6637 7191 4429 3380 9105
10 149 9967 3041 5102 3418 6760 2864 2553 8985 1638
21 150 5625 4320 9057 4222 5874 9426 1221 4622 2535 9222 5443 6796 4936 4132 2079 8286 1385 3693 6205 1164
12 151 8762 6914 6879 1337 9893 9465 1870 7656 9960 8943 6018
28 152 4029 4776 5303 4240 754 1011 523 3063 1573 4311 8709 7254 8957 3200 6079 6617 9866 6136 2317 901 9362 6940 4740 7724 7526 8831 4346
19 153 7146 8511 8454 4412 9398 6229 2389 4474 2607 6799 1970 8162 1404 4507 7511 7690 2072 1451
25 154 2343 8072 3704 6810 4792 4807 3817 5773 500 5146 8490 3562 2438 8367 638 1389 1840 3835 1090 6391 6652 1103 3093 1317
14 155 1586 6220 8793 7979 8396 1734 5856 8040 7537 7696 7406 3760 586
20 156 5674 8643 7852 4769 9600 7901 8777 1650 6773 2423 6326 3546 9492 9545 5854 3116 9204 3824 3783
12 157 4220 6159 4757 5169 5281 3452 3499 7452 8921 1159 2686
18 158 2344 1917 8654 5967 2643 4292 6524 7451 8420 9320 8054 9207 4682 4024 4259 801 8765
21 159 3134 7332 9435 1401 4221 6388 7134 2230 5222 3427 3609 3939 9182 2729 6043 7040 1382 5789 9322 2711
23 160 3310 9060 2439 6801 2570 9328 7299 3348 6657 7123 1702 599 2048 2201 1434 6442 1618 7609 6418 9110 4672 3551
21 161 6491 3689 2237 4200 1124 8430 4063 2857 5349 8639 4846 7753 8787 4393 9876 2090 7446 3764 560 5023
24 162 6792 2820 8438 6645 5209 9809 1867 5065 1250 7768 2920 7180 4093 1967 8025 1865 5600 2817 6788 2295 648 5713 8715
22 163 2122 9017 7340 6949 4170 4971 6758 1245 7277 3950 7797 9475 5057 1711 7071 3309 5359 8969 9063 8876 3765
21 164 8038 2406 8971 5033 3650 6248 9796 6822 6496 3406 5539 887 7301 5344 607 1623 7521 1746 4986 3234
23 165 4689 8741 5402 5544 8163 4407 4630 1168 6814 8600 4888 1108 9883 8388 8012 5668 3986 7296 8844 3554 9086 9450
17 166 7966 5898 9889 9573 3145 9675 4965 6255 6711 5534 9482 6119 8666 4251 4005 7809
27 167 1374 7867 4058 9507 7664 7255 6028 5760 1596 7919 3597 4319 7783 3672 3295 9771 8710 3862 6866 2260 7681 2801 5633 5220 1516 2498
26 168 558 5984 9166 8015 6482 4209 6234 5388 2861 8387 2150 9795 2369 5407 7673 2349 8919 4111 9046 4669 5172 9640 1676 3569 1524
20 169 8452 4944 8079 5462 9365 1955 2137 6436 1993 5059 4814 4558 4073 9941 3895 2362 6434 704 3140
18 170 3187 9844 3216 6312 7081 3590 9875 7558 4904 1818 1427 2656 7980 8133 5305 2285 6106
13 171 4144 8683 7290 3647 491 5678 8132 4896 1979 3082 9128 9770
11 172 6382 2946 8946 9817 8301 8068 7575 7688 2194 9998
25 173 7741 5932 4322 8010 5362 2748 6714 6096 3284 6941 9537 4815 9106 808 1567 5622 2687 8013 8386 3409 1177 1495 419 8788
4 174 9956 1855 1598
17 175 3630 4985 3118 3712 5047 6963 8375 5183 8045 8631 1180 8653 7467 8032 9145 6686
20 176 9144 3515 4387 4238 8951 6089 2754 8312 1148 7475 9829 8726 2805 9812 2942 7490 4725 8628 6918
23 177 7882 9437 1428 1811 8555 5470 411 3029 8268 4415 1048 6723 3182 7220 2657 6447 4289 941 3958 9151 5992 5391
16 178 6740 843 1448 663 6634 3750 9196 8758 9658 7572 8980 3727 4439 2536 7763
20 179 2698 8489 7455 3058 2096 622 1903 957 5412 4099 6130 9988 7114 7679 5267 9684 7660 3266 8050
13 180 9413 4194 3306 9025 1747 2284 7739 3946 2452 4030 8549 3466
17 181 4898 1213 3592 7578 658 3698 2442 8007 8069 2380 7482 2414 2760 3040 2521 3678
21 182 3877 4074 2840 1878 8647 6053 5615 979 3690 9985 1576 5944 4304 4905 8804 5921 5887 6712 3813 5686
22 183 7850 6124 7633 7384 8125 608 7009 4488 3785 6268 8171 9695 8617 2440 4427 7357 5383 4057 3930 6073 7362
15 184 9979 835 6212 4932 5939 9881 1588 7093 4511 4926 5793 2834 3264 8266
21 185 3163 9661 2160 7648 1673 8902 7008 1417 9205 6643 707 1985 3107 3840 4982 1247 1244 2927 9636 2164
19 186 4735 2545 7565 7160 1101 647 5617 593 7324 8690 4203 4522 3680 402 709 8781 7110 3132
19 187 5593 8206 8761 8689 7017 5262 1684 6614 5369 9898 7509 2894 9845 6805 731 2556 1891 740
22 188 1680 2381 8622 1983 9551 2506 9607 5611 9343 9216 3463 5822 5990 6702 1961 782 865 1677 2679 1956 4499
22 189 4673 2714 2839 6228 1046 3197 7278 8936 4432 2045 9656 8086 1253 8539 7245 8023 5602 6728 5300 963 7773
17 190 9788 2879 2229 9349 753 7896 3244 7839 6556 4696 7721 4906 4145 4830 5439 6258
13 191 6207 5084 2763 6226 7934 1418 8961 6346 759 8820 9927 4980
15 192 3491 6270 2703 2603 5516 4342 839 7183 6957 7413 5010 9852 7389 1439
22 193 7253 7100 9193 9939 3305 1950 3803 533 7029 6745 3218 5061 5397 6128 7331 1886 9432 3335 7326 1600 9763
20 194 7536 9006 5039 7151 6429 1142 1449 2929 3947 6367 1873 5766 3954 5527 842 1483 4248 7444 5648
15 195 654 2549 2893 895 1419 4138 6040 9971 8315 8450 8152 5428 2264 5352
19 196 9919 9596 2932 5779 9524 5512 6513 1214 5025 2308 6566 503 3686 2039 7524 2372 8916 2300
18 197 7787 3779 7404 7623 6501 741 7197 5233 5275 5705 8479 4999 9472 5906 2956 7270 7216
15 198 4624 5037 2364 6924 2411 8685 3522 3020 1051 6110 2830 5726 2015 9035
12 199 7267 4593 6355 2520 9868 8181 7683 2221 7005 2202 4141
16 200 4301 5080 8903 4083 3500 3845 1958 416 8803 6710 4423 942 8756 2195 9813
14 201 3508 7621 6650 7845 2890 4517 8636 4979 8871 6597 4826 6893 8966
22 202 7387 8449 6759 5901 2421 5119 1241 7848 3011 8193 2742 5285 6121 8347 9036 1016 2870 9694 722 4912 1977
9 203 5771 5503 1352 830 3039 8604 5299 7990
17 204 5317 967 2311 3454 1927 1040 9635 4269 4408 4866 4772 5035 9632 6046 5936 4027
23 205 6462 2292 9313 7986 3136 7619 1767 1166 2365 7569 8427 7935 4202 4364 3616 2206 7698 640 7225 6298 7338 5208
27 206 1934 8823 1968 4330 1073 3006 3968 1052 4970 4391 2396 8324 5672 8796 7916 7981 405 6568 9235 4338 5522 4997 4728 7781 3425 8311
13 207 6281 7997 9616 4600 9315 5371 5986 9148 2917 7512 8112 2041
10 208 6621 3186 5017 7078 3669 7351 6455 8773 2256
20 209 9455 911 7968 5311 6859 7915 6802 4186 7514 5545 5599 4192 1819 3484 8021 6461 6111 3638 1612
11 210 2082 2111 6242 8455 1000 7837 7766 4302 2006 3358
13 211 874 2579 6031 505 1149 2020 3356 1877 4527 5548 6813 1704
25 212 1322 4749 6122 6335 4066 8910 3574 5291 3510 8505 9409 2087 1079 4934 2799 6857 603 3089 6848 2267 2996 2089 4621 3044
17 213 8239 3652 3996 7774 6574 7802 9434 2709 9314 5863 6697 7349 1305 9239 7680 7842
21 214 2959 1302 3881 1636 4224 2103 2279 1303 6024 8627 9466 1225 512 1836 8198 8296 9827 8650 5523 766
12 215 7205 5480 1890 2117 9512 1085 9928 3807 5365 1664 8695
25 216 7496 1282 755 2403 2057 6396 1719 1564 1154 5175 1312 1183 971 8589 460 6824 463 6017 4564 7737 2507 9268 4650 2464
23 217 8150 4316 2837 2649 806 6093 5125 1437 2747 8267 5160 7792 6741 1613 5955 7473 4034 1064 5063 5257 8574 2628
17 218 7494 4332 2878 1659 8744 1478 1994 7103 5194 2189 9237 5376 2744 889 9671 9007
22 219 8124 1415 6559 9958 1712 890 695 5468 3533 9740 802 2719 2252 9448 4293 6778 5607 8684 9357 6833 2353
19 220 1989 8417 9508 8576 6048 9493 9256 3744 4267 8691 5554 5642 4674 3875 8638 9272 6713 2702
10 221 2806 7923 5543 4583 8521 6737 7128 5982 8797
6 222 2288 7033 6765 7581 9473
18 223 8767 2629 9378 7006 1398 8205 3003 6629 1517 5143 7397 7998 6214 7383 3315 1315 9229
26 224 1041 1295 9433 2690 4134 9603 4795 1351 4531 5577 5800 4395 1981 8849 1733 3447 705 3195 4430 4356 1254 4354 2098 2185 2244
14 225 698 6069 6960 3988 5235 2713 5840 3524 9877 5351 3771 4502 4048
25 226 9689 8573 1224 3313 4794 7977 9602 5980 2706 612 1050 7924 9342 1346 4680 1911 2392 6885 1503 5927 781 4370 8504 6049
13 227 8784 913 4610 2652 3464 5324 5225 5515 6942 3057 7948 4661
27 228 6581 5394 8545 6635 2691 1338 1580 7167 4643 3673 2250 8519 420 6672 6219 9514 4817 2880 6422 5445 3857 9761 6858 4786 3485 9790
20 229 427 8997 517 9800 9008 4050 7112 4553 789 9370 5507 4964 8802 6923 3357 2753 1111 666 7165
11 230 559 5896 4654 3388 1029 9724 4738 8442 492 8433
23 231 8745 5581 5934 6531 711 4336 1845 877 3735 7887 9283 675 1952 9088 4490 8729 6282 8092 6276 8385 7587 5690
15 232 9624 8366 7328 3362 7481 3844 7777 9952 3781 4930 2249 5596 6328 2620
15 233 9301 4634 8760 9456 2377 1630 9920 5689 6856 3523 3248 1083 5096 3144
14 234 1816 6322 7868 8827 5947 7760 8977 9888 1601 985 1386 6878 4471
17 235 3982 962 793 5356 504 3841 1067 989 5182 9241 7583 2102 4040 7171 4122 407
9 236 613 1334 6763 3223 2660 6123 7856 4608
15 237 5156 7945 4262 3646 4695 8661 1708 9089 6352 660 6649 4594 4557 949
14 238 9097 3120 1905 2540 9966 7352 4419 1945 4121 6599 2680 5590 8088
24 239 2735 7374 9826 8258 6977 6165 7823 3415 3121 4055 8651 2273 3659 9859 8688 9436 540 551 2531 7769 2017 7429 536
16 240 9726 4394 7051 6961 7630 990 9307 2813 5408 3667 5378 863 7286 3025 1916
11 241 8353 679 3074 5153 2334 7025 9026 6666 8295 742
24 242 9663 9009 9552 1672 442 9075 2063 3664 5341 3886 8428 9168 5256 8465 6606 7297 3171 6180 9976 3189 4666 8678 7994
21 243 7431 1660 6663 6826 7872 8338 1287 5343 1429 7700 6573 4513 9273 6221 5447 6267 6815 484 2933 9687
28 244 8786 3096 538 7520 2393 8232 4047 3175 3336 7608 4480 7525 6956 1076 6992 3456 7921 7573 8945 876 1782 7335 7439 5911 6283 5603 1013
17 245 9099 8565 3557 9630 6256 9611 4959 9488 747 5807 7043 7822 1410 1922 5293 6280
22 246 3625 1209 3407 9479 5711 1370 926 982 7814 1643 1445 6926 3032 3436 7731 9556 9820 3307 2611 1267 710
23 247 7653 2027 5014 6708 7975 2636 2678 5206 5147 4341 7920 1593 2909 5095 7188 1063 7418 1668 4071 2287 8550 6215
23 248 3887 2983 4766 8051 478 3465 7577 7440 7026 2500 9001 9572 9134 5474 9847 5585 481 4886 6835 7465 3916 8696
21 249 1215 5104 1617 4158 5570 3397 8103 869 1481 2538 8807 8351 9093 1292 8515 8743 4895 7702 1986 4571
26 250 4184 738 5917 2596 8180 4668 8222 855 1943 1330 1233 8597 2689 544 646 6979 2738 7199 5467 5535 6375 5893 9143 635 5859
25 251 3487 4026 8234 1915 2822 1907 614 5687 6718 9113 6820 1846 6968 7067 3414 8660 4018 5728 6844 9131 7628 3570 501 8510
17 252 7347 9667 6105 5682 1791 3430 2065 3048 3169 9059 7428 5026 7942 7958 7380 1363
19 253 5619 3435 2021 5905 9521 3026 5755 2156 1966 5431 3658 6775 4606 9555 4526 1388 1667 8965
20 254 7563 6825 4378 7425 2075 4014 8888 5139 4809 6589 9728 6347 6383 6471 8532 5053 6037 3078 2486
24 255 3940 8548 2275 8675 6440 4210 6203 1928 9605 5360 779 3374 893 4217 1170 2872 8391 3514 7903 9987 3443 7591 6006
13 256 3828 7528 1802 2029 5283 4483 6780 1426 5008 4714 4125 883
16 257 1594 4612 5353 3146 8299 2213 6852 6204 8987 1544 9359 5820 2889 2281 7543
23 258 964 8664 7195 3644 3052 2455 9900 6199 5667 6127 8305 3627 2697 6068 6871 5154 9458 8591 803 1310 857 7811
14 259 461 8842 6094 4708 4829 5757 8865 1098 1025 4671 7174 7323 2153
17 260 8402 7050 9649 9557 3038 4128 5792 9029 7893 1202 4947 4801 4962 2211 5753 7539
20 261 5694 8808 3095 1369 1728 7401 945 6975 6125 3561 1200 9264 4922 3086 4652 3141 2034 5030 884
11 262 854 7900 6272 7548 1002 7830 9914 4550 3327 9592
14 263 1071 6907 8279 4196 923 9005 4086 5210 7843 689 3395 1324 3578
18 264 7293 9238 9338 8912 9263 7527 2470 8376 1139 1843 1061 4956 3707 1121 1569 5304 1608
21 265 825 2330 3581 7144 6883 9012 9890 9463 8522 1162 3497 9324 7855 6038 7410 4226 859 4861 9341 9623
13 266 1773 539 4723 8881 5970 3782 8138 9178 8811 2508 9550 1529
22 267 2193 3054 1899 1957 7859 1080 5110 2181 935 1764 1348 2215 6381 4045 1240 5729 6468 4056 3355 4031 1472
25 268 7394 8078 8275 1748 6529 3920 4020 2542 9982 725 8725 3130 3030 3706 1757 2436 7092 8250 8488 2849 2459 5355 6490 8494
23 269 3801 6466 6340 8863 8634 3275 4458 5455 9133 4019 8538 7875 9126 4374 6577 3662 4686 961 3174 1606 9721 2227
20 270 4647 5393 8692 5578 9425 7776 5333 3572 7734 4806 3400 8008 4061 6343 4067 4642 3640 2427 5312
25 271 5626 5274 5783 8282 1762 3293 7059 9733 7592 7091 3110 9836 4440 7039 8559 4535 4790 4577 1653 9234 7021 8372 4785 5232
16 272 1691 3478 8080 5491 7089 1785 6444 3893 3999 9904 1674 9014 1828 2312 7803
27 273 9100 1644 6439 3469 1242 4983 7865 1766 5696 5636 3271 6386 4198 8607 9752 8352 429 4171 3085 1181 7219 2592 6421 2139 5958 2845
24 274 8667 4247 1252 4082 9233 2610 1141 6523 5819 8989 5641 3108 2725 6586 4927 8255 7344 6865 9218 4447 2898 1167 8269
13 275 6181 7143 3291 2789 7770 3994 506 9511 1212 8435 3717 2939
20 276 1107 7711 8872 1187 4371 2925 3431 1273 2066 436 3858 8970 627 643 6821 4437 2168 6345 9803
23 277 4575 2400 8061 6578 7342 9206 6920 1697 9350 4362 3024 3070 8498 4376 2319 1453 9290 1497 7150 5038 2998 2172
14 278 6145 7168 3741 7950 4582 5849 9186 9085 3814 1059 5675 3225 6580
27 279 2491 8619 6958 701 4443 3978 6525 2200 8776 3600 4731 5995 2821 4077 5860 3239 2968 2407 7836 5681 4694 6497 8529 2651 8981 975
18 280 5377 9030 6413 5108 8170 2320 1400 9734 6904 9446 1701 1761 9125 1033 5963 7117 5811
9 281 2512 2468 7125 7595 6011 5935 2573 5097
32 282 9451 5606 6552 1622 697 5951 5335 1974 879 3834 7217 4920 9368 8780 7939 6939 5497 8826 3373 1963 8034 7327 8062 1900 5878 810 8444 9224 7795 3122 7305
21 283 7196 1542 1589 2846 4754 4188 9070 8077 4285 3607 2076 2562 8288 9696 6302 8735 9533 6310 6592 2827
14 284 8525 4880 4095 8243 7720 719 1583 7974 763 980 4761 671 9621
19 285 3330 3379 3278 2800 9408 1876 5628 6823 3537 8520 2645 7869 3912 5790 2724 5398 7398 8528
8 286 8732 4232 7468 9793 6297 2928 9554
25 287 6353 1525 4937 4404 3042 9887 8669 3543 4602 7243 8117 6549 4578 8409 4800 8527 4180 6593 4478 9599 9923 9856 8278 3067
24 288 1721 2802 1375 9653 1469 6613 9994 1106 4381 3247 8535 5199 9576 9247 3902 6132 3164 7955 2700 4290 4016 1959 1682
26 289 3198 6470 2304 3878 917 5657 9221 6611 8467 7353 7173 7841 7450 8349 1049 6091 4616 1807 7874 5504 6797 919 6558 4252 9061
24 290 8749 4291 8914 1587 4468 2995 6236 4952 3482 3339 5627 7308 2699 6707 2779 8814 7515 9937 8310 7735 6458 2769 7779
11 291 4872 4536 9459 2375 5380 7984 6783 5029 1019 1358
23 292 5426 7448 7944 3990 4398 6595 7667 1304 4172 1235 2282 7321 2395 3349 4565 7685 9823 433 6991 7883 3450 1930
18 293 4942 4385 8836 3599 9423 462 4104 3863 1243 8679 2912 458 6732 5415 9935 5810 7013
20 294 4450 2000 3015 3128 1001 8256 7551 6633 5055 7993 2493 7016 9595 9033 2578 7306 2151 5799 476
24 295 2787 4845 7638 1736 6289 6088 6897 5286 9664 4966 1537 2327 3446 2515 4350 2824 2765 4827 7554 453 6674 7650 7480
26 296 2881 8432 3989 5835 6393 5162 7949 1797 1145 9078 8993 4372 8763 3915 3629 6809 2490 1104 9457 2416 1122 8360 3316 9835 3227
16 297 7460 1318 3493 1912 5279 6370 5214 6252 2093 4653 5561 8144 9261 4446 2339
23 298 2119 5580 9719 751 2795 2086 2644 3525 5842 7747 8825 6339 1327 6772 2105 3822 9051 3880 7474 2149 4025 7107
23 299 1486 8308 3571 1579 2957 965 2101 6126 3183 6179 8477 6840 7024 9469 9631 8879 6869 4882 8706 1738 8135 2567
26 300 6362 2877 7576 9568 2953 5716 8714 6701 2602 1832 1603 6002 1523 1309 6218 469 6052 6843 9101 1512 5292 6308 3643 953 7913
22 301 4632 9583 6303 1175 7210 2991 804 4496 8674 7166 4021 521 4139 6062 9129 4266 1696 3426 5981 2186 3043
19 302 6514 1234 6288 2011 3908 7120 5240 2732 3152 1290 1714 7262 5133 2434 3628 7645 5886 6571
20 303 9814 577 5145 7221 7121 8358 7312 5100 6909 2963 1607 8230 7655 6658 703 5701 1353 7386 1442
16 304 5604 7443 4961 8892 3927 2231 7069 5270 3480 903 7567 9353 5308 4528 2232
22 305 4987 1342 6476 9720 6369 3668 8540 939 8923 8447 3390 4781 4856 3002 8437 7617 1044 8475 9947 2812 9494
13 306 3289 1355 9938 2635 9918 3818 2030 987 6494 5457 5558 6733
20 307 2198 6398 470 6279 9077 6247 5265 530 2780 1774 2865 9975 3691 4570 912 2014 9419 6065 3367
19 308 3265 8702 6691 8055 4284 3938 2226 4256 8363 9258 4201 8196 3273 6661 3552 2730 4401 3290
24 309 9011 8284 5093 5501 1960 9717 4771 5430 3713 7266 1804 7750 4235 8474 2040 8211 6158 8856 6888 9340 7931 6540 630
16 310 8556 5756 1414 617 785 9079 2604 5946 9390 3027 5746 7847 6889 2128 543
11 311 4977 1395 5998 914 9864 8642 8947 6938 4935 6113
16 312 2646 6855 624 7932 6196 5269 735 3870 7709 7272 9337 3932 7251 9972 4268
24 313 900 4092 9959 6969 958 5251 8300 4657 6500 6972 9190 1219 930 9860 3059 7187 1220 595 3075 8412 2361 7402 5747
8 314 7228 5968 515 9316 4197 7506 6640
22 315 5679 9477 2398 657 7101 3853 1729 8199 8579 9020 6508 1364 2797 479 1264 4155 9716 6316 2162 7708 3458
22 316 4303 7937 6227 8568 6313 9539 2582 5485 3437 1995 1531 1217 1227 7177 2120 3720 5521 2383 9074 2554 3230
20 317 5490 968 998 5212 7289 2402 6135 9188 1457 415 2481 8585 8975 8429 4656 7564 3228 9185 1284
25 318 3733 4149 9414 3338 1275 3105 6211 9637 8217 8610 2043 4697 4545 3589 9003 2563 6080 8541 3899 1507 3459 3342 1471 1910
23 319 1908 2910 986 7052 4464 1160 6085 9916 5473 547 2790 3948 8440 5938 3320 7642 3518 1182 1447 8963 5198 6076
20 320 1270 2266 1695 507 6502 9468 5122 9096 1798 1028 6748 5834 2885 1528 3594 7148 8848 7898 8906
20 321 4135 3066 7844 6374 9532 8924 6504 3462 1205 5418 3263 7485 2552 4894 4368 9177 3511 6515 1153
10 322 8458 4928 8799 4454 2310 4049 6143 3381 5181
16 323 2056 1179 6472 4839 4681 4043 7208 7453 6584 2638 9906 5881 973 4530 8791
18 324 4810 3399 6965 8487 1814 3113 3981 4710 7063 9777 927 678 4007 7580 7435 5387 978
19 325 4532 4981 5892 8466 1946 2097 9417 1022 554 3488 3219 2224 7131 4315 8723 7292 5179 791
21 326 6935 8200 3670 8095 4677 924 2966 7477 9837 5511 6685 6670 2633 7694 9157 3386 5498 9857 2655 4705
24 327 6365 2080 5661 8486 7364 7265 616 7858 7169 4130 9822 4307 5764 9411 5601 2424 9274 1841 974 4009 2419 991 8990
24 328 7181 6245 3205 1548 5077 3476 8973 4576 6916 6976 3000 1731 4479 6790 955 8708 3873 3366 5211 4137 4897 4721 2972
20 329 7322 8934 1935 7048 6301 2792 2807 3517 7469 2613 6890 8382 486 5363 4361 5865 1616 4503 2716
19 330 2522 1146 2987 4116 1032 5818 1860 3016 7466 7375 1099 5085 3770 1494 5207 4969 6673 1176
16 331 2984 6034 1114 8646 7790 1223 6184 7022 1929 715 6397 7462 3789 4552 910
11 332 6467 1698 1311 9467 5877 7788 8107 5280 3202 2217
15 333 2147 4753 1293 7109 8336 6277 6951 3809 8728 4225 6575 5510 5196 3936
11 334 1823 3694 2597 3732 1436 3439 7047 3827 7684 510
9 335 3962 9090 6360 9950 7227 1532 2938 831
7 336 3980 8227 8033 7118 948 412
27 337 7105 7020 2366 6927 459 4193 1384 891 2804 2852 9645 2286 5709 4515 9244 3157 7111 8847 426 5928 4741 6194 9730 8524 5386 9802
22 338 3173 921 8905 8189 2818 4833 1839 944 1800 4667 5107 1132 1971 3716 6776 2746 2466 4973 8620 8626 8457
21 339 7833 9775 1039 9184 3642 5395 8588 8238 6932 5540 682 6632 5560 5252 8085 1864 524 2136 9739 7411
20 340 1216 5001 5203 8908 7269 1895 2477 7421 8168 4299 5167 807 7149 2962 3702 3007 1822 5310 1824
18 341 3061 8014 8188 4243 4613 3745 5976 5797 2647 3605 9137 4581 6768 3949 3153 2448 2808
19 342 1188 5434 6371 2495 7622 6261 1256 3440 5433 5453 3231 1727 5422 4345 9570 3549 1381 6350
24 343 3864 9028 5520 5217 6715 1438 4891 1485 1889 5224 3666 6177 2083 7135 9254 8772 2296 5036 966 7832 4504 527 2669
24 344 6495 888 3180 3489 6819 2576 9439 6642 9052 8904 9161 480 2565 8264 7531 920 931 2783 6860 1102 1898 4816 5318
20 345 5864 2544 7291 6542 4218 5354 996 8099 5236 4098 3190 6103 9080 7782 6676 8937 7941 5390 992
7 346 2018 9318 739 4520 4793 7799
22 347 9509 2367 8029 4925 3856 6784 2432 7826 672 7908 6535 8649 4601 2584 2585 2640 1574 1526 6401 734 8887
18 348 938 8587 2505 5142 6428 6970 7752 8503 5405 1742 9776 8470 5618 8920 6757 5649 1788
19 349 3705 3674 1687 6222 3758 9405 5144 1549 522 9961 1210 3788 8236 2793 2060 8928 8043 5509
25 350 5894 8681 7616 585 6660 597 7302 7074 5775 5163 5086 8891 9181 4627 1514 750 7137 2062 2924 5241 2095 642 762 7835
23 351 7817 2577 1298 4611 2220 8652 3823 7287 4327 5725 3486 8575 7952 6999 7828 3618 6582 6906 6465 7360 4100 8368
12 352 2316 9055 2225 2303 1194 4101 637 8373 6342 7862 9019
22 353 8156 4751 778 4510 7529 5826 861 7238 8698 2526 983 5996 5926 6603 6437 9236 5411 7560 1768 4487 2265
20 354 446 9869 6042 7625 4892 1184 9865 3483 1470 2606 5399 7727 6380 5178 9783 7594 7654 7600 2580
15 355 3905 4614 8203 8165 2588 1923 8918 9112 8141 2301 9873 9693 2059 9929
11 356 9742 6323 873 6695 5472 7129 6021 7987 9449 3243
18 357 7329 3737 6195 9069 4596 9304 8874 9513 8418 5869 4541 1110 7246 5049 5562 3370 9440
20 358 3090 3509 1271 7207 4038 498 4968 1127 3361 2428 6395 5735 827 5740 2426 664 9480 7015 5702
17 359 7904 6692 4244 5812 5416 1581 2860 8822 4107 653 3005 7155 906 3249 2951 2751
24 360 5895 2462 9542 7405 8089 721 7499 9172 3648 2770 4742 5374 9894 4726 6550 6894 4544 1505 6354 8748 9522 4059 9065
18 361 8655 6921 853 4028 7701 9725 1760 5449 5243 6026 4707 495 858 9462 5956 3526 4831
17 362 7584 9834 7408 7523 2467 6033 1232 3245 2694 6150 5092 9198 8370 8164 5166 8571
23 363 6729 5632 5027 8019 5319 3532 2280 7185 6410 4457 3106 8794 6734 5020 3724 1288 5357 9748 2047 3736 6484 4711
15 364 3723 5116 9729 556 9427 7891 7853 8039 6469 1577 7829 3455 2681 9339
12 365 2382 5658 1933 9330 6427 9610 7495 6731 633 8890 7390
27 366 7028 9986 7012 805 5595 9288 3467 1368 6097 4241 5051 8768 2228 1741 8935 7104 6955 783 1069 2328 6433 9564 4518 8003 4670 5945
21 367 4789 4396 5643 4525 9949 4246 9669 8102 8496 6817 8858 772 8280 6217 757 9226 6275 1765 5345 5872
17 368 5238 4916 1055 9311 7442 4185 4425 9013 7824 6117 2601 9275 7113 1314 6618 7917
12 369 3548 4730 1185 9146 8917 1383 7925 8210 7646 8563 4352
16 370 881 7972 2351 5149 9799 1558 4506 3051 2979 6620 8408 1976 4538 6446 8131
24 371 2741 9588 8257 5130 9615 4878 2299 5298 9260 6900 3657 5879 9620 3974 4105 5400 771 3422 9347 5193 9300 832 2673
15 372 1545 5907 3979 1678 3323 4234 9062 6680 7470 3739 3149 2108 7611 8341
22 373 7970 8699 3472 1595 1887 7851 5608 3907 1034 9591 8818 2720 5536 6507 8281 8084 2456 2781 7019 4416 9668
17 374 723 1847 9031 600 5456 9606 2497 5920 535 1008 6587 9319 604 9024 3161 3471
15 375 2269 7991 2941 7744 8424 4459 1535 3769 9964 2245 1803 3434 9040 7666
22 376 7318 4834 775 6624 8173 5367 988 7240 4509 3811 8309 8933 4389 518 9547 8964 3632 8731 8580 4039 8340
11 377 7285 5991 1045 5201 4120 7982 1681 7861 2240 2106
26 378 2692 9358 2138 2457 4820 1329 6954 2671 4549 7965 5748 5409 3777 5588 3328 2386 9470 3383 9665 4915 9871 9853 7058 6075 3636
12 379 5159 5121 7810 1392 2509 5890 6761 2129 9018 2736 2132
18 380 8070 464 3838 9561 3417 2094 1743 4417 3639 4690 2960 8219 3123 1152 4914 8063 5684
21 381 9880 2524 3531 2069 8081 1948 4900 6837 7099 3675 5060 6931 9786 5801 1838 1805 8060 1440 1751 6100
21 382 5794 7316 3634 6489 7517 1759 3394 2688 1771 3087 6762 2936 1620 9039 4579 3444 4554 9874 6168 5698
16 383 2204 489 6036 7669 5897 3971 4844 4574 531 7713 5429 5857 5410 3332 2528
16 384 3975 5662 8886 3420 5128 6202 2943 7764 2471 4428 8097 2246 1158 7863 2176
13 385 9897 5164 455 606 5271 2340 5587 1491 3903 6534 7433 3952
10 386 2591 404 7726 7232 1321 8562 6206 9727 3649
25 387 3337 7749 3645 5804 3424 4739 9538 1144 7222 8602 4879 2884 3299 6337 813 7840 4623 2614 6317 5289 7049 1859 7096 1735
20 388 8778 3566 4573 9280 4331 1065 2484 792 7140 1723 8616 2843 819 8261 8307 6551 1796 4853 9824
22 389 6696 5327 1120 8161 4250 2268 9807 421 6170 3009 4173 9132 8361 5723 6163 3451 3876 1109 1685 870 9634
6 390 7182 2412 8586 1880 9297
15 391 8625 8006 3847 6259 7585 8869 8182 9373 2558 2417 5586 1683 8303 714
17 392 8244 4868 6341 2358 4890 3302 7127 9496 1669 9103 3951 4465 1272 3786 3918 4651
22 393 6480 5314 7562 2064 9242 3682 6854 7370 4168 3333 4288 5379 2571 5655 1161 5910 2634 6659 4313 999 2131
27 394 1480 3721 2115 5176 1591 3201 3203 3677 5476 4903 4791 9081 4902 2906 5414 2233 3854 8560 2283 3363 9111 4271 844 3475 1391 8805
25 395 7892 8066 1237 5610 1575 2676 2616 8094 9682 5002 2980 7723 9352 6653 8926 5249 2061 3160 9613 8149 8178 4339 8460 4410
12 396 6520 4869 6014 2197 3411 6654 6675 8596 8859 9933 9383
11 397 1817 2750 3923 4347 8801 7258 2196 3037 9984 4159
15 398 8893 3795 6933 5054 4679 2533 6626 8027 848 1893 9818 2441 5556 7613
19 399 8464 3965 4032 3619 9758 2897 5254 4064 3894 1129 862 7674 7441 5228 5103 4126 3995 4367
