30 0 5788 2324 902 5388 6440 4222 6996 9143 6722 9058 1144 7305 1490 9013 2513 9826 3642 2975 1104 509 1779 4485 6062 3708 7228 6907 8589 7389 5852
27 1 4243 9578 4823 491 6713 9494 7141 403 9666 8430 9315 6934 5035 5419 8470 8015 4599 978 1504 401 9272 7395 4955 6846 4800 6810
30 2 1684 4801 2049 9279 2189 5596 7269 702 4998 7241 6288 7144 3133 2045 4822 7502 8751 3830 5372 5701 6468 8004 9906 9312 3683 9294 9499 2895 473
31 3 6284 6321 8346 745 3106 9336 3498 7201 9753 1924 2979 8889 6413 382 5520 4615 6618 9785 9771 5858 1367 1825 3820 9720 8064 7077 4881 3476 6168 4637
29 4 9184 7750 8096 3118 9358 6444 3964 6424 560 2260 2163 9747 7203 779 3314 5892 7414 4809 4494 4532 6010 9054 2441 7304 673 4941 5762 7563
27 5 8243 3948 4229 761 2968 8816 5001 3841 5271 1368 1110 8527 4158 9884 2926 4146 5824 8468 8304 1672 843 2321 4515 5951 7597 2972
29 6 3639 2960 5131 8332 8793 2262 2678 7649 1307 1265 5251 4833 3919 4838 6740 5080 4521 2302 825 8460 8151 1626 3425 3018 4335 7417 6348 6697
28 7 9658 9604 8384 5625 4766 9699 2711 2356 1695 6054 1346 4268 9817 3966 6338 7307 8397 4894 6374 5016 9741 3866 1128 7676 6620 6924 3160
26 8 7106 9367 7056 8596 2165 2942 2186 3608 4447 8337 2762 9271 6364 1932 8421 6662 4422 7044 3802 7936 3853 5100 1035 8515 6725
30 9 2839 5498 2211 415 3069 4914 4917 7132 9654 3385 2095 2282 1417 6219 2755 2643 3940 6160 1853 1763 4725 6049 626 2117 6380 6885 1638 2593 2236
31 10 4694 5328 1049 4744 2168 9396 6290 3813 406 828 3518 1075 6277 1891 5313 803 2515 4966 8856 924 1989 399 1077 7334 7764 7696 3020 1705 1072 1493
31 11 8995 9514 6281 5691 3657 812 7599 3648 5217 3446 901 1949 5247 1619 4098 1527 4433 9643 9855 872 9655 1666 2180 964 802 9341 2469 2269 5195 8578
28 12 6517 7867 5896 2127 6906 1165 9162 7039 6921 5535 1033 8476 4139 8727 9783 9208 4868 8971 8296 1343 6930 643 4114 3035 2385 4006 1352
28 13 7003 6751 5577 1034 3415 6983 1151 7741 1308 2478 6784 2639 2731 4409 1646 9613 7938 1097 3759 8190 1365 1486 5650 2860 1523 738 2065
24 14 6224 2871 9107 4013 4852 7198 5309 6490 438 3898 4720 1885 3702 9939 1164 1138 6061 9909 5311 6345 8084 8462 6108
29 15 851 9409 1767 6392 6394 8046 5743 7376 4755 5050 4677 4000 1456 4178 9002 8407 2319 8012 2209 4171 4922 3753 8568 7041 4057 4323 2489 7931
28 16 3687 9686 9828 523 4302 744 2734 1655 8031 4394 6534 9980 5301 4155 6808 9866 1011 2468 3915 1372 1448 1023 8002 979 9401 9525 5727
27 17 9074 3765 3363 9937 4510 371 4536 3418 1868 5180 9361 9422 2545 3711 8941 2149 3733 3805 8281 925 5020 6021 5869 3495 1113 351
35 18 6483 4208 4583 4256 9750 2858 2346 2451 5374 363 2281 7693 6584 1882 7574 5153 3208 3776 5628 2724 2384 7265 6874 3117 917 9959 5976 1920 6821 5332 840 6900 720 5508
30 19 8701 4462 2052 526 8958 7551 5693 7944 386 2628 2677 3402 4990 4117 6450 3862 810 9661 5073 7542 2508 1652 8664 3216 3800 4818 1401 4738 4516
34 20 1788 9972 5187 1683 8161 1179 1191 7446 4689 4048 503 829 8278 1572 6136 6427 9767 4519 7554 7823 9672 5353 3372 515 2097 7024 7155 2154 6602 5683 8535 1636 4799
3 21 1303 1180
27 22 3971 8458 476 1549 9325 3276 5573 8799 4883 7843 2455 8795 4439 714 6173 8555 9199 1013 8753 7581 7604 8063 1589 1573 5695 1159
29 23 2893 3911 4695 7729 716 5123 5349 2043 3079 8738 5239 3661 4453 2887 9160 6163 785 6461 968 4873 559 5445 3799 2335 4070 5227 4221 4814
25 24 1215 5060 5254 8482 6203 7983 753 8069 969 3541 4991 5049 699 2022 2400 2849 1117 3444 8740 4994 7321 2848 4474 5204
24 25 8643 5750 5500 4412 3147 6393 1581 8234 8762 3169 1554 4390 5668 3693 8564 1751 6982 3011 3224 3288 7390 657 889
29 26 7850 2096 5548 8911 7954 3626 9585 4311 2990 9531 1464 4023 5257 816 4747 926 2854 2818 5428 8775 5745 2123 2440 5601 5870 5101 4001 3405
25 27 4613 9523 7726 547 4546 9046 3530 8993 8815 6423 546 7131 4421 7981 4576 4440 8263 8563 9999 956 2594 4626 790 8900
28 28 1624 8996 6442 9089 8615 7090 5928 8862 7214 6575 2599 2203 9289 8706 1296 811 6317 2287 463 4332 9172 3676 5585 1912 3370 2556 9309
27 29 9233 5689 5141 6920 3779 3228 8774 1794 5097 8334 9869 4682 2567 2730 6673 1543 2878 7125 6735 3890 1744 2557 5145 9900 3819 1143
27 30 6190 2201 457 1047 6252 2454 4011 5537 7300 5036 1839 8045 2682 9584 3731 6314 9047 3441 3337 6470 8010 610 4790 2025 1602 2981
25 31 1628 2310 676 2053 1160 2140 7666 5532 8037 4477 5676 2714 6540 9851 8110 878 2167 6949 7275 3125 7562 6539 3482 9202
31 32 6975 4712 8719 9385 2304 2131 7088 4564 4418 4926 1078 4627 1524 5920 834 7076 2432 9825 5604 7218 980 5502 1240 9599 8271 3852 6734 7556 5848 5479
28 33 6117 5671 4821 6997 2222 9181 2575 7678 2771 9556 5561 3721 9372 4487 4396 7595 8750 7770 9081 7940 9927 4592 3057 2718 9971 5806 7319
30 34 6548 428 1432 8392 6031 5356 5249 3808 6298 2533 6913 3725 2675 1654 9035 1555 3122 5299 4345 2080 2113 3304 1903 4014 6749 1627 8410 618 1702
32 35 3906 9656 1022 7855 5509 3531 782 4495 6243 5321 7123 3584 8720 374 919 445 4147 6036 541 3251 1119 1731 890 3326 1474 4948 7547 9068 4676 2114 1537
28 36 7625 3305 1773 9916 2835 1756 8073 5124 8572 1407 5747 2595 4849 8912 3706 2063 6207 3986 6941 4791 4643 5202 9846 4775 9007 9044 726
32 37 8680 2648 5692 5012 5880 1174 8553 2313 7709 6557 939 5312 7673 635 7093 8457 6886 5079 9288 6674 5669 7942 3256 2937 8609 6577 5326 9990 9239 7732 8618
32 38 567 2974 4758 3864 3698 4017 5525 8875 9069 4597 8097 4880 6396 1970 7647 7385 1491 4548 6986 9508 977 7968 2687 1425 9534 6969 3109 1084 8310 4389 6367
30 39 987 4016 5297 7808 9859 1000 7760 8705 8405 3860 9600 6120 7593 7059 3344 1583 594 468 6948 4138 5148 670 2915 1571 6302 723 9505 2134 793
28 40 7064 6297 9695 6787 8081 2825 2921 8386 8188 9473 3606 1108 9542 2354 7722 8692 5736 3744 5686 5149 6244 1286 593 7897 3932 4438 1061
32 41 2379 7792 4837 4517 1349 3424 8542 9757 9275 4310 7472 6809 544 1462 2224 7561 1606 4356 8406 7952 5840 1496 7809 6919 4772 6842 4825 3895 3010 3468 5314
30 42 5574 9423 5605 7874 2326 4165 8439 7736 3796 6185 5933 2572 9728 7997 7548 9653 2294 7935 6933 8311 9519 2227 6157 7596 1481 9963 3457 6838 3749
31 43 8620 6356 7192 8415 9809 4568 4760 7014 7061 2805 7578 6301 9227 2809 9375 9156 3427 8340 9954 7066 8187 6068 5053 5588 5307 5397 886 2306 8848 6651
26 44 3579 6246 8635 5086 9075 9381 7569 7789 1076 9096 9211 7962 366 9834 5630 5466 8798 5024 8506 9974 4974 3447 7267 1753 3609
29 45 2634 7908 3149 5384 9183 8949 7766 756 1090 6755 4411 4055 5609 5162 9235 7710 1940 1319 5835 1220 6034 2182 4226 9268 3333 2500 7290 6443
32 46 1718 7700 4950 6984 8832 9970 6188 3729 1377 7587 762 931 6946 3730 6341 9295 3082 711 3488 7371 9689 2764 6112 3983 6389 2803 5154 7573 3272 6460 4723
30 47 9475 5096 5746 7116 4238 6962 9005 1241 8325 5220 2397 3434 8918 1278 5722 2662 8184 5170 8417 7668 5983 1899 2151 2966 5543 7699 9707 7801 4982
27 48 5304 5242 2952 1369 1802 3227 8312 6918 1004 5414 7303 9849 9898 2264 6385 8934 9484 5462 7742 1445 3712 5037 3065 7637 1398 2778
25 49 2826 7739 8194 7007 5949 7864 7910 2141 2573 4895 5765 9483 2257 1777 2351 8276 2444 4375 5295 6104 2889 8257 2694 7331
29 50 6055 4959 9986 9311 2874 3844 3927 6625 776 4864 4295 4033 5834 953 9522 1325 3271 7053 8613 6800 8873 9832 4432 9527 771 3633 3877 3445
28 51 5298 6409 9870 4779 9256 8139 7117 8449 6006 3392 1098 3375 7483 9305 1567 5262 7718 9234 2884 1785 5160 6462 1492 1509 3836 9393 832
29 52 3303 2905 1845 7687 6884 1558 4230 6629 5818 6928 8070 1741 8043 7362 9406 9079 6360 679 2438 8419 1237 2452 2816 3044 3920 3959 2074 2864
22 53 7796 7122 7557 2616 422 7769 985 2623 9823 7964 3060 651 524 6520 9688 1998 8087 613 5729 1127 2641
29 54 4029 9407 949 1008 4047 5461 3723 4091 9152 6590 3839 4234 6954 496 1345 1696 7133 7912 1761 6753 5542 8177 1861 8319 3653 2712 9419 6098
28 55 9114 8891 1196 1050 3658 8305 1229 4347 9228 6115 7762 3704 2139 3965 3845 9830 2241 566 7579 9351 3354 5847 1173 7136 9631 5176 9781
25 56 2099 6960 8133 8026 4557 7522 1321 5789 2608 9441 4503 6242 2786 8062 5450 881 5506 1194 8183 4361 8642 7215 6039 2565
4 57 701 1793 3638
27 58 3181 3784 3367 8876 5918 9421 1123 6857 6665 9694 6129 1272 717 4342 8525 3017 9736 3790 5752 2588 2237 8416 3592 1819 4499 4258
28 59 1436 690 4975 5015 9733 4602 4813 8595 8148 545 8433 1983 2541 4605 7170 417 6738 1941 4106 6027 5911 9888 5316 1873 2219 6653 7373
32 60 6875 4404 8715 1852 8057 9192 2475 3751 4871 8847 4540 6250 4111 755 9864 1327 6861 6757 3368 1051 8914 8122 5219 2552 4584 7074 9650 7682 9588 7011 2984
30 61 1073 1254 4851 9889 3393 8739 5252 3211 1824 8367 1238 8947 8042 4028 9776 3552 1457 7831 1947 5431 3583 2314 6535 9120 7257 3308 5899 8315 8534
27 62 5199 2069 5864 9856 8893 1631 6308 7911 4473 8797 6211 6965 5533 9678 3647 381 9077 4802 4727 9085 2919 3506 9308 3781 5569 2507
32 63 9055 4075 6504 1742 2748 7068 3442 1122 9816 8395 8320 8785 709 5756 9827 9106 2830 955 7019 6926 1273 2001 5589 8854 2033 6871 4620 6564 8075 2988 3267
29 64 9018 3048 7854 7639 4952 3094 500 1175 1568 5482 9918 5854 5822 5291 6358 2274 7555 6790 5730 5275 6232 1111 8261 8446 9705 5723 9610 8196
28 65 6595 1787 8095 2923 5402 3355 8529 1950 874 6664 8537 7994 2674 8496 9710 599 9374 6578 1580 3000 3384 7965 3715 2070 7727 1770 6617
28 66 8678 7888 1337 4609 5074 3829 4971 6408 7182 8961 6708 578 1290 1651 8119 2208 6806 633 9751 3231 5615 5325 9496 2579 9664 4242 3981
26 67 9536 1525 1835 9400 2329 6795 1689 8824 1538 8859 4261 9340 3371 4684 8318 5839 8089 9892 822 8863 5341 3692 5396 9701 2391
27 68 9808 8240 2587 7096 8324 7918 2275 6993 5408 2691 7568 3417 4442 432 8242 3500 9703 5184 2477 2255 3328 5127 1209 3555 4133 664
35 69 9404 7839 9030 5863 8484 8655 7939 9722 1411 7232 429 3342 3188 3411 4858 3519 2111 5984 8742 5567 2964 6458 1222 6125 619 3874 8520 1065 1219 2852 6614 3443 7903 2863
28 70 4076 2434 5387 2559 3785 4175 9607 3144 3826 7083 8034 842 4496 1161 2723 7778 4870 6693 4372 7862 8853 3868 1592 1342 3154 951 6765
29 71 5110 1373 9250 9027 8370 3003 412 2862 9583 9665 7485 2471 6511 6352 2130 841 3933 3624 1799 3027 3076 6344 4237 3130 7671 8819 7995 1258
33 72 7258 5440 7927 3741 1155 9895 9802 5416 4167 7204 5653 8291 5803 9036 5426 9804 7921 9758 5845 4582 2901 5904 4403 4905 2896 448 6332 3014 5370 2586 6657 5240
26 73 7694 2003 5830 611 855 6275 7451 2032 7480 3152 5940 4443 6493 3806 5373 7315 4877 7202 7329 7383 7311 6020 8733 1578 7425
28 74 4718 2524 6834 2898 7413 3875 9570 367 2288 3619 8014 6212 2791 1812 3449 8802 6096 9917 5946 8443 6491 6876 3775 587 9933 682 3696
34 75 5025 3318 4937 5018 3312 4061 9224 3112 7127 8619 8767 3935 8948 9213 3538 7137 4987 1890 1048 8309 3769 8724 7428 557 1526 8466 2258 4459 2528 6767 8227 2200 3607
31 76 3115 1141 5203 930 9109 4225 6222 7156 688 7698 2664 9993 677 4642 9041 4385 1086 9639 3969 5547 2194 1855 6315 5210 7016 7080 9671 7211 7055 8924
27 77 1044 1831 4118 6858 5425 3636 6316 6714 5002 6529 5473 9174 1622 8780 6167 3493 8365 4308 2064 5903 7482 1197 5130 7454 3995 8939
27 78 1749 758 6153 5876 9714 8606 9220 6898 2011 5810 7231 6859 7324 2339 7730 3120 461 6028 1870 894 1036 5844 2518 8908 818 3369
30 79 9480 4644 1382 8208 5144 4003 8818 7628 3551 1441 1913 4649 1336 3273 6910 6695 3176 5887 4406 860 4233 495 4888 867 4109 1612 8307 4803 4249
26 80 2401 6230 8039 8877 1972 9991 4123 9727 7032 2102 3726 9719 3755 9487 4927 5734 8478 9854 4025 8800 2659 6966 9540 2553 6126
27 81 8065 6981 5981 9093 5087 3991 3210 9065 9520 9206 1579 3673 9740 7837 4550 1854 8628 5763 7753 9145 9966 9141 1430 2504 600 6312
33 82 2198 1497 6959 5672 2760 8327 835 3421 3277 1301 2272 9125 7487 5454 9617 8440 1827 2821 940 1758 6239 5004 9146 7822 6639 3497 8492 9130 378 4244 2598 6453
29 83 361 730 4902 8398 4348 9932 6896 5107 6721 3921 9456 655 7986 7515 932 2459 6401 2606 3116 2869 3672 6499 7481 1338 9575 8842 7476 4713
28 84 7690 3632 4180 1413 1341 4598 513 5150 8637 7987 5674 5814 7781 1378 9779 6516 5531 3922 1553 2110 8170 1693 7691 5361 7543 5957 4972
28 85 4054 4731 1289 1041 3139 2998 2951 3022 9260 8308 5973 1740 6915 5738 1253 9144 2176 697 9587 5989 6033 3689 7869 2542 1808 4009 4275
33 86 1126 9439 8265 8560 9049 9943 1424 3466 9126 7925 5659 4215 2094 6769 3220 7034 4084 5860 7288 5157 6745 3574 6812 5174 8284 5274 7907 1351 4965 6459 8258 5764
28 87 354 3817 8399 5503 2870 3389 7206 1156 9857 6628 3867 7108 3954 426 6274 5334 4143 1429 7298 1529 5626 6837 3562 3469 1804 8975 6865
33 88 3690 3576 8745 8401 5922 8354 8852 5008 7350 4209 9451 7343 7614 3694 8689 3924 8894 6700 641 7659 8998 2463 9969 2831 9541 6877 1037 5265 1968 9095 7010 5720
28 89 8229 3045 8054 3695 8782 9770 2785 6980 1054 2903 2358 9941 868 2776 7407 4534 6961 9928 494 6134 2569 1774 6820 5208 1356 8491 8602
30 90 9236 7735 1277 7242 9242 5512 1152 8141 5970 4901 9961 1121 3840 791 5319 8698 2521 975 6978 3290 5836 2891 2409 4198 4279 7354 3777 2012 8426
27 91 7774 2076 7363 8126 3407 660 8493 8259 6522 7025 4283 2197 3846 8249 4645 6121 8377 4703 8903 8729 6164 7091 2015 5950 627 645
28 92 3487 6046 5233 6094 2908 4260 9590 9868 2193 1977 9640 5851 5932 5103 6527 3030 8923 5967 6764 2693 1137 2118 7503 6179 4898 1012 2265
30 93 1724 1859 2122 7243 1422 8033 7848 6661 8970 8730 2836 6047 3031 6467 3825 9115 7812 836 6097 4896 8163 6381 7410 6549 8906 3854 1007 481 3046
30 94 5964 7405 8218 4836 6359 3080 6481 5714 7157 4947 7791 8872 4187 4697 9175 4874 8882 9067 577 2604 4161 764 6118 6201 6833 5914 7264 1214 7553
29 95 1285 7508 3287 2301 4357 8300 3201 2824 7330 3078 3361 2977 4205 1991 5868 993 9789 7992 6652 2349 4563 1863 6505 3254 3707 2716 1066 5212
27 96 1594 6180 3131 2235 5793 3767 1183 5346 5006 5152 2365 6636 8427 6214 6271 5284 443 3762 2418 3213 743 380 6320 1288 8662 4040
32 97 4783 1618 9435 8737 2259 6836 7728 7327 4071 2289 1259 8349 6285 6605 6371 971 1089 5117 3873 1556 606 5757 7658 4501 3843 1765 4489 1024 734 7701 9548
30 98 9766 5084 8712 4340 3521 4908 4606 7030 8930 3221 2457 649 4742 4907 7441 7932 6533 1982 9009 9880 5362 3419 769 3623 900 3128 6078 877 2795
31 99 6727 5337 1771 7681 5456 7442 2596 1975 6474 8700 9023 3103 9204 8099 1703 8573 2456 1807 807 7361 2370 4395 6502 6818 6994 3504 3905 7723 4699 3246
32 100 2581 7740 5209 3528 5382 7752 6672 1055 1399 3822 1642 8671 4964 1300 6746 8364 5751 6050 3480 7634 8053 1384 9717 2041 7188 9566 4879 485 3364 2819 4504
31 101 3353 7689 8027 1535 8488 5916 3039 9648 2002 4654 446 5045 6486 9591 7844 7794 1712 6849 911 2706 8843 2144 893 5253 2912 8025 4353 3871 2783 5828
29 102 8067 5974 7047 5620 9316 5044 8267 9028 915 1334 8905 6495 962 2244 5925 6785 4371 6080 5033 8497 6537 8593 9240 5783 5423 2428 8231 5631
32 103 7393 5798 5429 472 2093 4301 7268 5771 1516 7244 1531 4027 1364 3594 9574 368 3675 4267 767 8830 7715 9460 6669 9818 9476 1617 2421 7292 8112 3787 6556
31 104 3284 2085 1299 876 4119 8703 7914 1375 5056 6680 4039 9431 6793 5083 7299 1428 4641 4618 3165 3012 3507 1310 8811 4152 6583 5685 3349 2666 5487 7881
28 105 9307 8755 1721 6563 9299 8486 805 4811 2105 9395 8890 9908 9249 9410 5273 2739 1133 8977 5766 5221 8403 4466 7366 9155 1198 2564 5912
30 106 8670 5599 854 1649 1645 6847 5780 1039 7825 4060 5175 8526 6730 4857 1021 9278 728 9904 8116 7509 5378 5225 8748 2535 2089 9871 2540 2788 7612
32 107 772 4253 4415 4362 2897 9777 6391 3870 9915 8677 5776 379 4391 6318 9765 7655 2348 8773 3686 8330 2885 1987 8024 9197 6347 7021 4312 7973 4786 2701 1250
28 108 5173 9930 5064 863 4002 1919 662 6216 4463 6322 2844 2933 1333 7571 4954 7748 4492 5417 4506 8669 4686 2439 7733 5884 8636 5411 8137
28 109 4845 8531 3159 2644 8709 3250 9223 7524 9981 7339 7049 6596 759 1829 3146 7915 3309 8329 5930 3691 8656 5962 6778 6863 9861 2396 6026
28 110 2436 1079 1102 2442 910 1157 4887 7933 4352 3709 5883 4854 5091 1168 2393 8836 8631 4999 7166 8652 7253 5554 558 607 4567 1948 2290
26 111 5802 1821 2967 879 7210 5085 1252 3596 5315 6585 5778 2669 2125 1355 7525 3320 6831 6606 8361 4993 4734 8837 6987 1293 5754
26 112 9329 3234 1603 7196 9552 352 4692 5838 4414 2537 4497 2218 5907 9338 2560 9186 5963 537 3026 8885 5399 6613 4707 1340 469
31 113 8273 9726 6508 4746 6904 3863 1929 5193 8718 1637 8344 2229 3183 784 7884 568 3946 8668 7828 4299 7629 7651 5801 1918 6789 5654 7338 6814 1380 3705
28 114 4320 650 806 1100 2177 9461 9285 2738 4688 4374 4031 5926 1354 7660 5270 9098 3043 8803 3266 4019 8338 7424 1455 5662 4909 8667 9038
32 115 3668 5530 7516 5677 511 852 612 8846 989 9257 1663 9203 3956 427 1782 9544 9957 4428 6339 7638 1095 8586 9630 8454 434 6720 9073 7896 2578 3047 4214
31 116 6771 9267 5739 5246 8708 3975 581 922 3953 7444 1536 1687 3892 8624 4946 2969 4078 456 8559 8547 490 1716 478 4330 3319 1396 5805 7536 6466 3651
27 117 4706 2717 8928 4179 4273 7237 1287 6351 9691 4578 2146 5472 3173 7619 3138 9246 4719 506 5551 8672 1732 3150 8363 5188 9506 2014
30 118 5028 1136 4207 781 4458 8548 4063 6547 2554 815 5181 2055 7432 2994 2820 7278 402 1439 5546 4024 5748 4751 534 871 5310 6805 8673 9377 9259
35 119 6677 2881 4687 6762 9690 1908 1438 3665 2511 4475 1850 2024 7807 5680 4524 9894 7496 7929 6667 6336 8071 6265 2704 7734 9831 6437 8168 1056 8375 529 7423 9324 5936 9755
30 120 2953 1323 8625 1644 7963 8350 5137 405 2299 780 2930 3894 3451 9388 2924 9398 5250 8351 6701 6014 7539 3199 1260 9913 7990 9946 3893 2766 1917
24 121 4812 4043 5781 8549 8299 3553 7149 4761 6724 2482 6704 3005 6267 7287 1453 4835 5078 1094 4604 765 8373 907 4099
31 122 7776 4882 7189 3322 7646 804 527 3247 8897 3976 9956 1727 8985 957 4978 5647 8878 5128 2935 8921 9104 4610 9852 1877 5612 7240 1662 8956 830 6395
32 123 6555 9708 857 9608 7746 1851 1769 6325 7434 5140 1832 1722 2331 8136 5709 7684 837 2147 2061 6025 8587 3858 6992 9931 3359 8157 4255 479 6051 6658 1817
29 124 3073 2689 692 8556 8450 1467 6200 404 3773 3859 4680 8402 848 2344 2721 9492 8665 5646 1488 5539 8154 3794 7583 539 9921 6643 2129 656
25 125 7368 629 7745 7497 6718 1517 411 5300 3350 5879 2580 6152 9229 9513 7861 8418 5707 1477 1842 8999 5040 3558 2199 9925
29 126 7560 4022 5942 5559 4691 2405 5993 4537 7152 7941 2000 6131 5047 7323 1754 2850 6400 5644 7608 5104 1895 1452 3823 1005 9572 3748 5558 1838
31 127 6263 5081 4130 749 8029 4457 8913 391 3605 672 9518 7930 8035 6660 2726 6995 4045 5095 3891 8232 4007 1158 8840 6103 6803 2077 6897 8804 4861 5264
31 128 5327 2948 3931 8464 8808 9467 6273 1837 5514 6908 2493 8723 1275 5463 9879 7517 7558 1521 6402 1052 8883 9491 9659 2928 5726 3105 8764 6135 8360 814
25 129 6388 8612 7905 7510 2955 3604 9022 7607 8233 3768 1928 6998 2195 2514 9243 5395 5410 6512 4903 7477 797 5979 3206 1058
30 130 921 7528 6957 1392 7314 1256 9983 908 6912 4651 2171 2429 6283 6223 8115 2568 2338 1923 3842 1840 7819 1276 6311 583 3598 9922 6299 3459 768
29 131 5696 1582 9359 6310 2159 3510 1385 2747 6766 9384 2922 9306 2761 729 3187 5376 9238 9503 8786 5867 5229 7422 8857 9323 7421 9357 2315 2702
32 132 3980 5201 1142 8173 4150 1681 3501 6594 5263 2543 2325 4661 9977 5357 8869 5179 9532 6488 3321 3194 7081 2993 4988 669 5580 9979 1976 4452 3752 6132 565
28 133 2736 7112 4566 3913 8771 5013 8886 4102 7790 484 6519 9495 2126 1212 2782 519 433 2853 9247 353 3140 2230 3503 5562 4931 6379 856
30 134 3179 5913 8699 1437 3225 8704 3092 1416 2840 8175 666 3362 7875 505 8959 6760 5664 9276 3629 7392 7988 7876 2986 1391 695 9615 1185 3197 5143
31 135 2035 2413 4601 696 8058 1418 9994 7591 4136 4665 2382 9595 1990 1894 2722 5094 6024 5380 4263 7749 7501 5823 1900 1980 5287 3923 4010 1370 9774 4892
33 136 7780 7534 3064 3335 8567 3984 7674 8032 2378 7209 7065 5317 938 1193 1443 3222 5570 6768 9373 5636 2763 9882 2798 6354 3732 2772 4367 4787 6798 4992 6905 2892
33 137 6492 5007 8103 9602 5444 9365 1735 3281 1860 5638 3763 2640 364 3175 8779 621 6013 9392 9838 2233 3121 4587 6241 9510 6089 6397 6309 3703 9024 8279 4561 5955
28 138 2017 4995 9601 9102 6158 9562 7409 9841 6623 9031 1728 9062 1449 4172 1518 2797 8822 383 9471 3111 454 740 1485 616 4481 6217 1887
30 139 5910 1680 8494 3571 8372 6811 6183 5488 6608 5792 6266 8241 1999 1105 4286 6149 7507 3070 7978 1181 2752 5455 8385 2812 1734 3132 5929 5718 9438
29 140 7364 8558 9992 8181 2152 4804 9524 7737 1757 2084 8230 8020 7751 3560 4824 3883 5071 8935 8356 6334 7426 7697 9353 362 3135 9072 9371 7095
27 141 8763 8221 9885 9334 7175 7786 5324 9697 4449 9511 1018 5938 4336 453 3945 9944 2223 5011 1992 2336 6592 6133 1309 8565 2380 7707
29 142 9696 6935 5330 5458 7470 2291 1849 2603 2343 1888 4140 3292 9822 1348 2719 4104 2056 1389 4377 8007 3295 9902 7277 6685 2934 3053 2037 5412
32 143 1230 9893 8623 988 783 6170 4863 4930 8870 5855 5039 2522 2217 2806 7172 7611 3316 5735 6543 8455 4784 9581 888 9773 4141 7947 4339 9853 1129 6709 5592
29 144 8342 9113 5846 1706 3274 640 839 5906 7654 4384 7072 7589 8725 4108 2962 6439 486 7798 1190 8954 582 3522 2072 6247 1062 2696 510 5972
27 145 8976 5513 7266 3294 9244 2823 5837 9762 4478 9597 2128 2626 8658 1679 6213 8909 6611 4318 7042 1042 7115 5303 4562 6794 9161 3153
29 146 5728 9462 9274 563 2431 9105 9546 6181 5183 2796 3296 4979 8453 8172 1233 1856 7082 7857 680 622 5923 6138 2008 6829 892 9962 7815 7744
30 147 2742 3750 4087 6554 628 7340 7124 8477 3456 6763 3925 6382 7564 8483 7523 6679 7378 4736 2611 3834 5302 1996 1599 7627 5111 9470 2814 7486 5571
30 148 6903 4985 3006 2582 8238 1031 6145 7254 1291 6196 5898 760 7873 5971 6546 9070 8702 5790 2390 5389 2423 2767 585 7213 4981 3232 2532 4624 4777
31 149 3963 1505 5490 6972 6148 3209 2995 2238 8152 8420 1816 6417 5504 2019 444 3603 4346 4156 2453 9286 9811 7387 3818 5422 928 6161 654 8268 9568 8546
28 150 7427 2665 8252 3252 7316 1501 7816 1442 671 3172 721 3618 8222 9033 3096 8741 5062 4184 4100 7834 4379 2656 2251 5279 4544 5931 6415
28 151 8174 7820 8945 4252 7150 9746 2827 2030 7917 6326 7070 9111 8085 9189 9815 4983 1132 4246 6305 2548 3996 6000 4437 4008 4531 7101 5648
27 152 4788 7105 6040 9424 3283 8752 1235 492 6891 5055 8765 7537 7493 4722 8275 6670 2695 7725 1461 9764 9645 6541 1914 8614 3643 2210
31 153 5061 9405 5545 2231 905 596 7871 5501 6780 7148 4646 7640 7626 2890 6487 4853 8654 4378 5420 1789 746 4035 2285 4844 8109 2369 1801 873 502 4052
32 154 2574 2872 9086 6690 4539 6601 571 9731 6796 5266 4630 5639 6405 2175 7540 9060 3098 3332 350 8881 6353 1935 4552 7996 4490 3631 5517 4254 6457 4193 8009
30 155 9512 7099 7795 5811 9010 9786 4792 5442 3454 4468 5026 8686 7872 3881 5678 4743 1704 8994 4417 8199 4058 7846 9283 3646 2480 6116 9245 2191 5276
28 156 8982 6524 4639 1292 7169 6644 4251 9369 1587 7720 8791 4607 6788 9761 658 3803 6234 6268 4116 6041 3299 7580 6862 3982 9282 9873 4483
29 157 7648 5289 9057 4831 1621 395 8561 9759 8022 9567 7382 8610 2997 9976 3546 8955 3761 8746 9569 1709 3998 5138 9119 3352 7247 6573 3797 3697
35 158 5453 4704 634 8266 1634 923 2399 9433 2359 7167 8502 2652 6715 6678 3566 5607 2647 6264 4728 7664 1199 1068 8523 5267 4129 2162 8760 2815 927 3084 2018 1607 3645 5586
26 159 5619 920 1909 5969 2047 9331 3396 934 1725 5523 8209 1739 8078 4635 4764 4292 2059 8551 6150 2010 9479 1726 2323 5538 8215
30 160 5827 3581 3670 447 8899 2856 2058 9515 2956 5968 6069 4702 5003 5182 3937 8017 8292 7075 7582 3878 8865 9134 3356 4560 4331 1188 7842 7000 9877
29 161 2437 7719 3747 9780 5070 7459 8114 3543 1569 4471 3889 6687 9636 7541 7663 1499 7891 376 2481 3671 5690 9698 4159 5248 1112 609 1938 8640
28 162 7934 8192 3422 998 9772 3602 3467 3760 8038 3520 6627 2494 3958 5866 2945 1403 3214 3780 7171 1563 2332 487 2781 8844 8828 6011 9436
26 163 8983 4753 4018 8077 3734 2519 8588 3869 8554 7669 9769 9521 3414 642 5082 7982 630 1099 7870 6414 3908 9448 3655 6612 2882
33 164 5875 1778 2414 5118 2090 3650 7757 4326 2029 4827 1263 1284 5067 1503 9606 1690 9842 1397 4589 3001 1944 6781 7388 449 5196 7868 2983 6384 6827 7743 4558 632
27 165 1630 3621 7412 6082 8203 8823 792 4083 9647 5715 960 8581 9426 2395 6195 9337 1177 2657 1927 3865 999 1408 7643 2777 4201 1447
30 166 853 1557 7588 3412 1419 638 6178 9420 9218 5159 9718 5642 614 1246 396 4456 8860 410 4386 9215 1251 2170 6895 4369 9159 6208 452 6074 7552
27 167 9715 4709 6572 8210 3311 7711 1647 8690 7022 9080 1541 2187 9614 7521 1483 3886 5413 8810 8898 9723 6289 6048 6446 2112 1279 8106
31 168 3171 1575 7665 7959 5699 8358 4162 1551 464 2624 9987 7900 4298 5457 4625 4160 4679 8082 1244 1201 808 1574 6099 9594 5510 2630 4195 5663 2697 6032
27 169 861 8603 1514 3928 1489 1057 2225 8214 8343 9415 7513 3297 598 4265 6819 2373 6750 3192 2153 7953 5063 5725 2735 5205 7692 1223
27 170 1939 6689 4805 1046 7437 4486 1591 6124 6637 5308 8050 7381 2531 5366 6479 9493 9685 8937 4936 3855 608 1169 1534 6968 4509 3511
30 171 4416 8569 8016 8376 6357 9082 8657 2799 7208 9293 8888 6938 7092 4154 6236 6799 2320 7512 5433 2944 7326 2671 4370 4408 4673 2256 5541 2841 5871
27 172 1743 6582 6963 9151 2601 2876 865 6420 2044 9132 6902 2311 5616 5409 1601 2270 7355 6155 4834 1459 2403 4586 8622 976 3997 1450
29 173 4350 7396 1937 5769 3903 4223 667 3052 7200 6641 458 4455 5563 4535 572 2465 1114 9872 1092 2676 686 1120 8180 1421 6445 7644 1103 3572
25 174 9890 2667 8721 2183 4381 1805 5813 7194 6622 2109 9464 8598 5418 9982 5000 6073 7949 5566 5978 1166 5954 1427 423 5632
26 175 7309 799 1659 7716 4092 9360 1134 5587 1931 7085 5460 6114 918 631 8896 3452 6227 935 5996 3547 2007 7471 9052 6066 2801
28 176 4899 3556 5905 8200 7702 5106 3450 9364 1759 8314 467 2672 8710 5046 831 569 8023 7886 1106 7283 661 6501 5515 1030 7348 2650 1028
25 177 4194 2837 8749 858 2388 8778 2938 2248 3137 7134 4149 5833 1539 3856 3837 3993 3831 9397 8474 8409 4426 7230 850 9482
32 178 6303 6489 1082 7705 6840 9191 1494 1933 1231 5807 896 7445 2873 9942 6038 9087 9911 7178 8355 4906 2495 6456 5359 7856 6192 5917 1772 1070 9535 1217 2479
32 179 6060 9716 937 4465 8160 394 4376 2679 6845 6958 8382 2635 1657 8806 5843 6059 2316 8448 1347 3944 1595 4571 1561 6500 3054 4062 9649 8820 1623 8179 9837
31 180 8825 6324 4288 358 3565 6255 5464 1146 8074 9923 8648 1060 9091 4595 3936 9071 3588 3413 1200 9887 3745 5921 2083 9387 4590 9641 754 8787 2727 9444
28 181 3226 7817 8262 9004 8485 8371 5032 9003 9149 7160 4666 5740 615 1283 8347 8675 5139 4131 6850 9427 3437 7453 7919 3885 3907 2447 7312
32 182 8978 4398 3974 2943 3475 6656 1306 5908 9163 1764 620 8011 6668 8585 8105 9412 4915 6569 7592 6333 4672 1471 542 1994 4748 507 7683 3059 3887 7018 1402
27 183 477 9459 2651 3942 9339 4701 6802 9836 528 4081 2645 1331 6716 480 1107 5283 1552 5581 7145 8887 5296 7212 1926 9269 4479 7514
30 184 7706 8916 9332 5934 8788 9738 6852 1500 6675 5189 5385 6282 2925 8639 9677 5347 2685 4900 3533 2597 9996 4073 1762 9116 8963 3293 1878 4300 8507
30 185 1519 8036 6562 5640 8434 9454 4798 8973 525 7670 2743 5945 7248 6182 3861 1484 8212 1280 7998 4884 7494 4678 1010 906 3502 3229 2039 7418 2886
29 186 4032 9674 3205 4413 9953 5163 6604 5232 4664 2610 8927 2906 9833 2555 982 4765 1640 6603 3491 414 7346 4872 7909 5614 1834 3329 9040 5495
31 187 1357 972 5255 3832 5421 6860 6558 4337 844 483 3097 9429 2907 5285 3514 5323 8125 9284 9230 7360 3453 6748 5767 7448 1985 9059 7498 8048 4505 866
28 188 4735 7185 2632 7916 2303 9938 9734 2164 2364 9012 1898 9051 8858 3101 6887 7341 2372 3390 6823 678 1192 7391 7050 2098 3795 504 4886
30 189 5034 6147 6729 4848 3158 9896 4436 3388 4218 5645 6245 1699 9676 2646 8288 1625 8965 7460 1163 3517 6973 5719 2987 1249 7161 8306 827 8674 9333
34 190 9029 5158 4476 1184 5919 9579 7079 9517 6294 9414 9063 4290 2491 4329 4097 3532 6943 8272 1014 8128 8926 6373 3554 7913 1362 9139 2637 4044 3136 7274 3688 6640 833
31 191 6053 4467 3143 8536 3184 9318 2138 8197 2473 4782 3313 4157 6945 9147 3810 9188 4132 5704 530 8920 3015 2450 8607 7370 1969 4593 8294 8841 6736 6826
30 192 5536 2207 7235 5407 5166 4204 8107 9455 2119 1043 992 7357 7086 431 1002 1298 2749 6621 8079 535 8967 4122 3888 5318 8590 5657 4660 6741 7143
29 193 6215 7006 6109 7630 7224 5621 6864 4051 6890 724 7222 1083 9128 5991 9232 4037 1393 5960 6571 2929 1172 8438 7488 4206 1694 9301 947 5340
26 194 1942 2108 8850 2563 8541 1943 4174 3685 5355 1814 8519 6435 6703 8833 4164 773 6804 2402 8611 4236 9945 8193 3394 421 6894
32 195 3534 7484 5363 8849 5901 3174 4928 2103 4588 6544 1823 8641 8155 5688 2040 1374 3093 7852 5826 6342 7404 6947 2142 1221 1339 2740 786 3398 5997 2417 6375
30 196 4297 2340 9724 3960 9667 3071 3978 1910 517 9603 7054 4056 7489 9960 3285 6407 2918 7233 4502 6004 6728 1243 8326 3291 5555 2079 5377 605 6650
8 197 3578 9812 1586 4259 9011 3613 7229
31 198 2276 7463 7993 6649 2327 3061 9968 7767 9108 5368 4778 7814 2088 4556 3270 7352 536 7397 4910 6950 4177 5261 4382 493 5449 1995 8989 6917 3200 4763
31 199 9177 7001 2226 4448 1611 8950 7853 6349 7951 6166 5269 3448 8500 4319 6426 9509 1597 2877 8594 1363 8801 4810 2296 6447 6815 7535 3063 8952 3378 6974
26 200 7920 4089 5897 4828 6057 7937 2460 3828 7821 6647 7291 7829 9386 8821 8176 9881 8432 7984 5943 4151 8685 4247 6719 2232 8092
31 201 4064 5507 9446 3037 8408 8904 3684 5724 8211 913 5200 1632 2086 8244 9447 2411 2246 1405 1147 7058 9926 9258 3244 9478 2842 8817 7153 7810 9490 5915
27 202 7948 1361 7499 9940 1957 4423 9207 9876 2654 9198 2486 7865 5749 2756 8684 6355 6770 3494 8726 1511 8102 2330 7788 5947 9362 6361
29 203 3081 3036 6880 4577 2050 9140 4681 2204 5057 4973 4996 3740 8839 3025 8528 2961 4036 1869 9680 5966 5634 2435 5432 4185 3195 3051 4498 3042
25 204 1566 4305 9739 2206 7333 498 8584 9137 7704 9824 5491 489 9343 9092 6335 1952 986 6705 3772 2422 1874 7380 8100 8770
31 205 5365 5132 6262 4354 9458 8538 8831 7793 2811 2999 849 1796 3527 7457 6100 884 6497 9264 2082 2833 674 9662 2838 9903 8144 1350 3049 6589 2817 8206
30 206 4980 3300 2498 6663 9195 3756 2278 4405 5489 3168 2308 8736 5583 5243 3119 554 9820 7526 7761 4866 7272 4655 4435 7098 3847 4103 665 8649 9924
27 207 7724 1879 5987 4944 3901 9668 5222 8475 9142 5023 7565 6550 1053 7154 7401 8772 2305 9795 7107 6169 9131 459 4341 2273 8452 794
34 208 5760 7284 4085 3440 4082 2337 3401 3366 3013 590 2525 9799 4585 4392 7002 4570 3331 3204 9498 4934 6707 8713 5965 6165 6744 9382 2602 9571 8245 9248 4110 4480 3535
28 209 6002 5206 5360 5245 2318 6067 5865 561 1434 1781 6193 4338 5995 2959 3190 6093 1946 4183 7985 8777 5859 700 8393 1507 4933 3023 356
32 210 7190 1615 2038 7317 384 5675 1038 8441 9730 3961 3156 3088 8608 1248 6552 4953 5093 2976 8396 6494 3793 6095 7529 4662 5459 3973 5147 2196 3770 8805 6866
28 211 4088 439 6600 4596 9048 2404 8522 6418 3426 4262 7126 706 4303 4522 6376 2371 7464 6063 1297 4366 6346 4614 1614 3066 5637 8129 7533
18 212 5924 7975 1752 9919 1415 1081 5331 9985 9550 5156 6733 5552 1730 6449 4270 3236 5937
28 213 6279 460 9133 2989 1719 9791 7771 5649 5909 2576 846 9549 6237 1688 7784 3114 742 9934 8981 7128 8735 7977 7246 1315 4943 9050 7219
28 214 5294 5198 7466 5234 5069 1792 3641 3431 4633 9920 5716 4250 683 3376 681 4360 5386 1255 6694 5652 5398 705 2577 3223 7613 5882 6513
26 215 2245 4785 1513 3261 4565 9136 6581 2932 2467 2368 4762 6119 5434 958 7285 5576 3257 9844 8871 9800 3289 5849 6015 7885 4493
25 216 4737 6976 4732 3038 5465 5527 9897 3700 2638 3374 2101 7902 9032 7402 4869 7276 3186 7140 5667 1001 1312 2020 7576 4181
27 217 5216 8068 1242 9349 4891 1610 6455 8757 3663 9064 9988 1387 6988 4855 7207 1871 7293 9078 8591 663 1960 6566 7549 1951 589 8571
27 218 4940 5598 9193 2148 916 4192 5682 8682 6238 6194 9187 8951 981 8165 2913 3557 6018 7262 1958 5076 3041 1669 3034 8021 8366 7618
32 219 3496 8902 3420 4393 9652 707 8681 4528 3985 8056 2754 7979 1650 6936 2005 6498 944 8138 2279 7841 7114 8348 6012 4919 9929 4166 5800 6985 2158 7078 2361
26 220 2741 8182 7490 357 6254 1959 8509 6141 9748 8425 9418 751 9472 946 8997 8960 553 2042 8988 3526 355 3458 3108 5116 1480
27 221 3348 875 4913 7818 4741 4425 1003 9623 4351 7892 2946 4629 1381 5345 7113 9558 1444 691 3714 7295 2653 9129 7205 3386 6761 2751
31 222 9545 6306 3151 4960 7974 8697 6107 2420 4710 8929 4427 2220 3549 1071 4508 1239 1737 5041 8789 6064 4860 5944 1148 1880 6683 967 3164 9605 7830 1330
27 223 6747 9848 6329 604 7858 7416 365 7436 3904 2810 2709 653 9840 6307 5732 7036 9118 965 1476 8156 7252 8146 9682 5862 8132 8413
25 224 6304 9797 6528 715 4781 2768 8018 4961 7221 2759 5540 3075 2066 9847 7961 8003 4080 5935 4137 9958 2668 9166 3728 636
28 225 9964 2899 392 4096 2936 859 9612 3317 3637 3766 2312 7372 1130 9297 2386 1588 8826 1532 7616 8207 7120 7492 4617 2031 3713 3640 9745
31 226 2520 9706 1971 9402 7928 6313 7102 5717 1815 1979 3914 6939 1820 3033 5888 8435 1892 4756 2829 8201 1150 2430 5354 8490 8499 9693 4967 2143 7950 1905
26 227 5629 623 9628 7226 5832 8472 9231 1904 1006 3182 3568 6873 3667 9319 2612 7186 2145 5578 1717 6937 9252 6909 4115 6229 1964
30 228 6598 8717 7256 1379 7775 7783 4328 9829 6841 708 3478 6434 809 5661 7104 6991 5773 3019 8539 8688 3286 9611 6616 9083 6154 548 8149 4189 4065
27 229 4670 1658 2120 7313 5593 1109 5784 3570 1466 991 9117 8111 4373 4241 2284 9576 4294 1469 2506 6019 983 8866 3255 7768 1633 7450
29 230 5379 9342 820 8511 7901 3567 6889 6206 1206 3804 3399 9084 3727 8113 1886 2590 8108 3383 885 2261 5524 1495 592 1210 2904 3941 9037 2536
29 231 4401 7495 1324 6076 7029 6128 2621 3410 9529 847 9713 8864 4653 7991 6278 3580 2155 3950 7238 4228 2954 2622 6340 942 8644 903 3550 5549
30 232 933 8794 984 6123 4840 864 9814 6609 4794 2562 7566 9867 5550 5427 7129 5424 8322 3929 7527 4806 3323 8120 424 5948 1189 3515 5381 9669 2292
28 233 5816 1317 1510 5142 4271 4203 2808 8104 9241 9170 1305 4186 7606 7236 8076 2169 3992 2698 7518 6259 2216 4889 5742 7546 3591 6977 4145
28 234 7956 1981 5415 1140 9157 2360 1247 4461 9378 4015 2345 3724 7328 3509 2978 1302 6888 4512 9749 9692 8747 1600 9322 2861 8411 5478 7779
31 235 1562 2753 8341 5731 9313 6399 5435 2549 2178 1115 6940 1281 929 1872 713 6654 2188 9860 8524 9390 9721 2530 6659 5125 2888 4213 1830 8251 2328 6043
28 236 8101 4287 6586 7440 3258 5841 5772 9912 6870 2807 2133 5059 2067 4807 624 6090 8255 8940 3716 3742 5256 5375 4989 6797 7703 6879 3436
29 237 8734 1768 6545 3141 4663 6758 1460 8001 4773 2499 3067 3735 5744 9907 2446 5405 8228 9637 5939 6739 1921 4717 7320 974 5058 3307 9158 6593
28 238 6233 5606 8277 9792 7827 6646 8123 4324 3595 8617 6633 1451 7089 9020 1697 8159 4257 8060 1896 7217 7922 8855 8423 3523 8932 3191 8400
33 239 9347 8781 7799 7506 6925 1176 5475 1546 9592 3569 3235 2789 4315 4631 4733 7544 4120 8629 387 7835 7462 7051 3278 5068 9168 2547 3301 9417 1318 6228 823 2174
26 240 6509 8368 6916 2775 4997 6235 9216 2449 1116 8545 6291 7282 5842 2161 1844 1841 7379 2307 3833 2784 8915 8331 2448 5819 2980
29 241 4815 5358 5893 8321 6624 2800 522 912 5505 4093 2419 3620 8754 1216 1125 1847 5120 5467 5333 2277 4041 1211 6779 4280 2433 3649 4656 2280
28 242 7473 9121 8204 2631 4021 2914 7279 1225 564 6476 2181 3280 966 8083 3189 5338 5492 4202 9910 4200 1616 4739 2737 2353 6454 7468 5282
28 243 2502 2068 9563 3068 4611 6518 8711 8552 1472 1059 1692 5825 7590 5600 4816 8088 7158 3490 9609 1404 408 2317 3339 7866 4441 3123 7250
27 244 5177 4316 9000 7060 8380 1780 1576 3896 4897 4542 1358 2733 5336 5809 6240 1187 1294 4491 2185 7860 3403 8447 9452 5529 4622 6478
33 245 3282 4759 1723 4929 3058 5241 869 7447 4911 1707 8431 7550 6398 4380 1833 1520 3275 5115 4211 1320 4148 5499 3346 2745 4698 7027 6451 3127 6607 3586 7289 9551
28 246 5705 4281 3074 7972 2584 7349 9675 7399 4545 7195 3918 521 5627 6172 9711 1656 8008 2591 574 3380 3360 3814 2600 7532 4313 3897 4264
27 247 5471 4749 1608 3720 1822 9670 2866 5670 7577 3758 1570 2744 3107 904 9485 8769 2551 7797 8044 7005 9500 6883 6551 4020 3782 2243
27 248 5280 3536 4726 8153 6197 2172 4105 7754 9443 8621 6056 2462 4659 5322 6717 6225 6270 8220 7813 9573 9411 9516 1930 7836 7598 1818
27 249 3155 1390 1091 8280 8990 4770 5568 6782 1790 8246 6869 2377 3662 2487 2381 9821 7249 3481 1936 9469 7353 2633 7851 9565 4932 4113
29 250 9813 7840 2267 8835 3439 4830 4579 8601 8055 441 9952 2865 7772 8236 5228 2843 3990 8147 5522 9265 6331 9368 413 2534 2609 1145 6221 3262
25 251 6186 2690 8792 3681 3764 5446 8600 4921 6113 9370 8907 5591 9171 9263 5342 3024 8632 1478 3792 9839 996 3669 1736 9793
32 252 4219 5874 8964 470 8379 7270 2266 4500 2132 9782 8237 6077 6772 4912 8812 8028 6737 4963 9320 8579 5335 5364 3680 950 440 8683 7183 6712 8813 5009 3970
27 253 3090 1020 6452 9399 2920 5753 1025 6510 2091 6914 6429 9182 4144 6425 2965 7623 2607 3917 5043 2367 3461 4942 5108 8239 3577 8879
31 254 9025 9321 6929 3884 1269 9598 9530 7898 1245 6001 3812 7519 7015 7181 1902 4068 4101 8424 739 1458 6249 6559 8517 895 6016 7765 7559 4277 9428 9408
32 255 8328 4397 1027 2387 7365 8178 2006 9261 3563 6536 2732 2950 9019 9596 4650 4700 1395 6843 1508 731 9383 8362 5687 7342 8946 4431 579 6813 2883 9862 5516
29 256 4976 4235 3460 5797 5698 2779 8663 7318 2073 8285 1665 8313 9355 8186 1468 1954 7787 7970 2661 8428 4153 4916 2408 2765 8253 6530 3028 3007
29 257 369 8389 3157 2700 6044 2550 3979 3807 1274 7165 9006 8796 8731 4127 7758 687 6412 1383 6030 3659 7806 5878 7467 5808 9632 8414 8283 8352
26 258 5178 8957 7969 8910 5165 2585 6848 6337 3798 5706 5782 3955 1901 1162 2684 7173 6964 2341 6045 2474 7398 2802 7530 3249 7439
30 259 4359 2516 7433 2205 7261 7622 4220 5656 6410 1598 898 2963 9702 9277 4368 6139 1862 8922 9394 5794 9951 1328 6140 1213 3612 3916 4053 2355 9914
25 260 4066 1433 3513 6105 3218 455 5856 3838 4862 8191 1700 5038 9560 4769 2729 4507 9255 6328 1775 4012 1261 9210 8256 4383
31 261 2879 7747 7033 8938 2254 8851 8317 644 8374 4135 3575 1973 5394 1026 1661 7310 1218 7184 6630 9449 4856 2773 5072 3203 2062 9638 5702 8530 9561 436
31 262 1454 4470 1691 2544 3589 3479 8383 8357 8301 5758 5890 9180 8387 8550 1202 1984 2383 3145 4843 3217 648 1966 4938 6406 2592 1677 5641 2443 9292 2902
17 263 7109 3939 588 6576 8931 9635 6853 7135 4949 6597 3163 7461 5881 3435 2350 9442
27 264 6122 3483 6752 6199 909 2787 798 9066 7255 5476 5982 9497 2124 4581 3614 1565 4364 2121 4569 7408 3949 1967 8653 4334 6832 9486
23 265 4832 1686 420 1435 7811 4647 1226 1236 4797 6159 8647 9450 9737 4402 3279 4212 7301 7893 8019 9190 2071 6791
28 266 2347 570 883 7572 5393 532 2680 4077 2461 2991 7419 8944 482 4322 9076 1465 3876 1314 5112 6911 9863 5436 9413 9101 3310 551 9683
24 267 9434 4513 8459 8336 6496 8880 4134 7879 6438 9845 3397 4893 4182 4210 747 3610 5021 2770 9222 2708 1641 7645 4094
24 268 7804 7164 5817 3850 8968 3977 7800 4245 1262 7906 5998 5635 4767 6323 7980 3880 5281 1713 9379 1766 3170 8758 488
31 269 7263 9481 2004 8583 7621 1660 7176 6731 5891 9094 4636 1590 6368 6365 5098 8404 6828 7294 6588 2658 3679 5894 3644 562 6102 4191 6037 3882 4125 7620
26 270 1988 5519 3178 3347 3654 7296 2910 8086 7431 7073 8164 5633 9266 6404 4314 796 5169 1962 2546 845 5590 8514 8693 3142 1268
5 271 4776 8510 3754 4541
27 272 6296 3994 2492 1639 6942 3259 2917 4923 9619 375 9212 9348 5484 9989 8759 5230 5494 3561 4005 8676 3341 430 4768 6774 3242 2242
29 273 7966 3056 3615 9760 2398 5292 8660 533 9088 4969 5622 576 2375 6931 1224 5624 5597 7904 3072 518 2213 4924 3373 2048 6999 8195 5775 5029
26 274 3032 2253 8728 4343 1826 8768 4199 2660 9344 3198 8895 2009 9633 9112 5679 5572 9507 1313 2688 3477 8142 4977 4716 2527 1032
25 275 3508 8289 6927 3438 5164 7147 3391 4050 7805 4757 8651 8094 1473 5211 6480 9735 9805 1846 1376 2558 6433 9700 8599 9582
27 276 9684 7403 4365 6189 4419 1810 7605 7180 3635 7119 1906 3325 7755 5014 4795 9660 549 1674 3757 9150 8225 6901 8761 4859 3207 8845
29 277 3237 9537 6072 9281 5121 1479 5430 6955 8605 7635 1548 2293 9586 531 9350 7474 437 9254 4128 5406 4533 6390 4469 3587 3525 5161 7322 4095
32 278 6428 1668 6256 2333 4488 6261 9621 8743 8369 9425 1953 9430 5608 9290 9768 1502 1748 684 5493 8260 1715 9253 8936 1965 8219 6058 8286 4349 941 8868 646
30 279 6754 3009 4407 4553 6086 6176 2851 3582 5850 8059 6151 1371 1791 9122 7452 9327 1550 4817 1470 6143 435 6319 5231 5351 7386 5114 2681 4745 6156
28 280 6387 9416 4714 9366 6801 766 8695 2971 9858 416 5795 5660 2240 1800 7759 9807 3465 6081 788 7040 7615 3660 8659 9302 7179 9440 7438
24 281 2363 2137 9185 2916 3395 9752 6137 1961 8471 4958 7712 9008 6822 3912 2464 1282 6696 6619 990 7610 8577 3590 5190
31 282 8205 5958 3008 8134 7785 6816 1264 1559 2412 4538 2283 9681 2249 5684 8224 9644 512 4239 6580 1482 1881 8732 8013 397 2092 377 5582 689 6676 2426
30 283 5956 5244 694 1710 1974 4445 9657 8966 5544 7520 3196 3400 7738 7052 3616 1714 6825 5260 899 8783 418 6088 9883 1506 1671 555 7859 4621 7491
31 284 373 1667 8557 8575 5306 9100 1353 1867 8540 6191 8582 7028 8744 6370 1883 1096 9627 501 3585 3872 9061 1673 6638 2215 3999 591 3972 3464 5579 7924
25 285 6142 3021 8687 6631 4554 5886 3167 499 5448 8518 597 6570 2425 9148 5694 8041 5480 8892 5655 5708 5438 1360 8121 1085
28 286 9543 7504 4451 5618 2173 7887 8298 8543 9526 3365 752 693 1016 4693 2769 9110 9998 2136 8481 390 6971 4430 1584 800 4429 4555 9559
29 287 2868 514 5697 8124 8874 2728 9732 9984 2060 7667 7999 2710 7286 5785 5469 8006 8933 8248 3148 7035 3306 6251 9955 3241 1858 7223 4248 5439
28 288 1322 9975 6248 6756 9403 8508 442 750 1067 9376 5927 7023 9850 4124 9173 6567 8814 9273 2794 8235 5713 3617 5352 3824 5733 2263 7600
30 289 7163 9891 3315 6507 1131 6531 9123 8766 9790 5207 6642 4549 7465 3238 8630 7511 6867 5988 3161 2780 775 9262 6759 9154 1074 1015 5259 2470 5390
32 290 4600 9763 2497 7469 8005 4176 6691 6411 8498 9178 5215 2458 5518 7882 2894 2023 9432 8293 4266 3166 475 4454 1893 3472 8987 3951 1564 6484 5088 2406 8030
30 291 6830 1783 7957 8250 6587 3336 6881 2078 9346 5623 3957 7657 9663 7632 7686 1956 2958 8714 1498 7803 9219 5403 9564 5768 1884 4296 945 774 8456
29 292 7877 7159 2160 7603 8202 2605 2445 6029 9819 9017 8533 2900 4325 7332 1993 7584 8080 1547 3343 6471 6257 7008 3377 5980 6175 3739 4652 9300
27 293 8143 8901 6127 9947 5404 8756 735 3573 2309 4450 1228 6561 7685 5048 3381 9221 8626 7826 3113 8295 887 8884 7245 4575 6465 8135
28 294 1596 5065 5031 3016 520 3545 6634 3177 3786 5710 6681 5146 7955 2970 7824 5961 8166 8270 3050 1997 3324 3124 3791 6989 4638 3821 2985
26 295 2362 7151 7680 3463 538 2150 3601 824 2758 3910 6526 3423 5994 6899 5113 9709 7880 9865 5796 4547 4970 8049 3516 4820 3212
33 296 2190 8217 7142 5953 8117 2822 5611 3055 5305 1069 6075 6269 7063 6579 8969 9034 1865 2911 4188 9205 1750 3718 360 4685 5235 3778 2374 1866 9803 3597 7121 5027
35 297 813 7430 3230 1064 5392 2940 5197 2234 8093 7377 6383 7062 8953 3699 6258 7239 789 1670 963 6111 9317 2517 7636 9577 5741 7833 2252 5224 8544 1843 9810 9778 4278 2774
34 298 7662 8169 372 7146 7617 3104 8634 6372 1170 3002 4163 5320 8412 6944 961 7013 6210 3666 1911 8247 4107 6070 7923 4086 8980 3848 4049 6205 9995 4190 8353 1344 471
31 299 2135 9642 1118 5861 3682 1682 3827 5594 2875 6084 2166 1530 7458 1664 8919 1897 3968 1876 8167 9330 5293 3599 5941 6286 2192 2036 4121 8198 3086 6686
26 300 7945 9001 550 9634 595 6295 5521 4240 6538 5099 1124 6786 5613 7009 462 6087 7084 8269 1009 400 2720 5155 9557 9775 5383
29 301 8489 4529 5511 4750 4276 2529 5191 4634 3627 3539 8650 2619 9538 5711 7111 2013 8185 1676 995 7863 2957 1431 7773 3077 8974 7677 451 8807
30 302 5651 1359 3652 5595 3717 1512 1811 1234 3129 6591 4216 2523 5643 8992 7971 556 4829 1864 7960 4708 8090 777 1186 6743 1515 6979 393 7478 6773
27 303 2931 6688 8942 7356 7271 1207 5348 2939 7031 7384 8505 8574 9015 5105 4293 9303 1648 3544 6253 4046 7057 2212 2909 5610 3265 3701
30 304 9026 1257 9363 9127 4526 6777 2466 2286 7838 6839 9712 936 3253 5666 4388 4317 4657 2832 7046 8445 497 2496 9097 6008 6327 8047 2510 647 4594
27 305 4572 7281 1609 8501 5167 9729 6350 4890 617 8576 8487 3100 3087 9445 5218 1386 2472 1271 5452 3938 2670 3185 9167 4269 3678 5497
28 306 6699 9310 8451 7849 6666 4675 9153 2357 586 370 7394 994 5755 1806 7197 9624 7193 1394 1063 2561 2804 5603 7717 5777 2663 9539 8696
28 307 862 6599 880 9950 7306 8592 6146 6514 3857 7336 7297 5999 4796 6431 7878 8162 7234 9620 6272 3524 6684 1797 4904 2107 9528 4628 4945
23 308 9237 6893 8716 5344 6671 8127 3470 2300 7374 4282 584 9043 6872 2484 2322 1154 8986 4867 9209 733 4752 9673
31 309 4774 3004 5126 6005 1604 1813 2589 8776 8479 659 9291 9965 6648 4042 1528 9626 7187 7731 5268 508 5721 9042 3737 1232 8917 6553 5474 2703 748 6421
25 310 8809 573 5526 409 3952 4358 9589 7048 6952 2202 2016 7594 2539 4420 474 3102 6441 7359 8467 5831 1406 3879 7883 6174
31 311 3193 5602 9489 9973 997 6807 2846 5135 6645 8925 2297 2503 5102 3083 7097 6706 1295 6009 5400 5673 2613 2057 4038 8469 1149 8521 7038 787 2075 8984
28 312 7675 4472 8829 3899 3219 5168 2615 2501 727 540 3628 1934 637 9905 3091 389 1685 3085 2855 5017 8316 2054 6560 5812 7139 5895 5485
18 313 8580 3268 5986 5443 6419 719 9978 4399 5441 4327 9270 7347 7367 801 9899 5481 8604
28 314 9488 1019 770 8223 1153 9287 7777 6202 2686 5804 952 6083 7406 7708 2673 1335 2026 5213 3656 2620 5873 5774 943 4400 8790 2034 5902
29 315 425 795 5496 6882 2389 2116 2485 8287 8274 5779 9501 9756 1678 4309 5786 8254 6503 3710 9997 698 5820 2707 7043 5617 3239 6776 8784 4839
31 316 516 5665 4721 3851 5237 8000 1487 8979 6532 5560 3126 1227 9354 4321 3738 8066 9502 9948 4729 8512 1653 2512 4711 6851 2792 4004 1080 9622 4612 7177
33 317 819 6106 5401 6854 3677 6485 3947 1463 6436 1182 5286 5223 9651 6464 6162 9196 5821 3110 6330 5109 8290 1208 6817 9437 4559 3382 8861 7302 4771 4789 4935 7100
31 318 4446 4846 8140 652 7020 6091 7259 3462 8473 9547 5556 1577 7652 5584 7411 7763 2179 6003 3630 6970 6276 3432 1613 6287 3774 838 4344 2867 4227 3988
29 319 450 5134 8437 3243 6521 3902 3489 7435 6967 5051 4224 3962 2416 2790 8707 2295 9743 2627 9457 5528 7545 6366 7375 465 2982 8130 9135 9593
30 320 6280 3379 6101 5350 1171 4030 8131 4574 9554 826 3674 7894 703 1203 741 1139 7538 2636 8972 4272 4410 1087 4232 5564 9463 3934 2392 6923 7531
26 321 5171 3559 3233 6615 9477 5129 7130 2757 9021 1560 8465 388 1440 1786 4291 4285 9886 6052 8381 5122 8504 914 712 5737 4668
28 322 6469 9214 9935 2996 4169 9618 4640 5277 2750 8213 1963 9226 2642 4956 6292 1544 9754 3736 6565 9352 5329 2941 1311 4333 5005 1776 9200
32 323 6951 6856 4387 3302 8694 4885 2028 9016 9326 6092 8503 1423 7895 8072 8051 1760 5192 954 8052 2100 3345 6574 2087 8627 4648 3537 4754 7976 7505 2655 3512
29 324 668 5815 8991 5759 5853 5119 8378 398 5447 8597 6542 6260 757 2488 1635 3040 3269 5136 5367 5066 6855 4875 732 3789 8098 7199 4608 7094
25 325 5089 4434 4173 4918 5238 7174 6702 9176 5791 5959 2583 4363 1755 6723 8189 821 3849 5761 7899 817 6079 2115 9679 6506
30 326 6448 1875 891 1522 1720 3540 1701 2228 3811 4842 1738 9039 8827 5787 7679 4518 2334 7280 9465 7162 8390 2268 1540 2476 1629 6369 7455 6231 7585
32 327 6071 6932 4514 2239 3408 870 3809 5985 2051 2505 1388 2857 5288 1205 4690 7449 6783 1316 5992 7832 2538 6682 3455 7216 5885 9391 1745 5019 2845 4730 6204
30 328 6525 1545 9045 5151 4658 3486 2713 5900 6363 3600 8461 4520 4484 4580 4705 6403 2973 8444 7967 8562 6386 2342 4464 5470 6065 5977 3180 4034 4865
26 329 466 6568 2415 1426 6430 3429 4444 8391 1326 6343 5226 2483 7688 6377 7631 9225 4968 601 3428 4170 6378 1955 3664 580 8691
30 330 4067 3404 4168 9345 3564 2927 1746 4696 5770 8226 3499 5236 7756 7695 2046 2570 2793 1410 7012 1420 3634 7004 3334 1593 9468 7641 7609 7069 4819
32 331 1809 7087 7890 8463 7273 4126 3542 7118 1446 9453 7650 3788 4530 7369 9165 5483 9533 6416 1922 8638 7653 1017 9742 3987 2027 9328 6085 8394 3409 3548 7443
30 332 1916 2947 9784 1270 2156 1945 9555 1857 9053 7802 704 5090 1267 3416 1708 6362 9580 2699 3430 9794 9646 4847 6171 8516 2250 5990 3351 9179 5872
30 333 9874 3263 6198 5575 5712 9138 1925 3900 7943 9298 2214 7420 4424 8570 4683 5186 6922 9806 4793 1409 6835 8359 1101 4850 3134 7567 9787 4674 7721
32 334 9389 3473 1620 8495 4962 7220 8661 9798 3484 1045 1889 3298 7071 5339 6692 7138 8666 6878 6482 9217 4669 8264 4482 5553 5194 9466 1747 5681 9949 2184 2949
29 335 6635 5857 9875 2021 625 1414 7017 2526 3215 5075 6632 4986 6844 7847 1803 6293 3816 7400 4217 3338 4841 1907 6226 4876 7479 2705 4112 3330
27 336 2992 8061 7037 8532 9356 5799 8333 3245 8962 8838 9553 7308 4603 8158 4069 4274 5052 2834 7335 3611 5278 9201 7456 9878 9251 882
31 337 6710 4074 1698 3327 8513 3485 1733 7845 4523 2629 778 3062 1986 5486 2828 3722 710 6432 2880 602 5290 4551 5214 9967 6711 7713 1400 4632 6475 2221
27 338 8339 2683 7026 7642 8867 9169 7103 7624 7661 3162 1585 3967 1836 8422 4304 6110 3202 4525 5437 7251 1093 1784 970 7325 3622 725
31 339 1366 6610 3260 722 2366 9744 552 5022 4740 3357 3909 5371 1828 6187 7191 2859 9687 2424 9296 2376 3930 1542 4197 1711 7475 7110 2490 2813 6220 2509
27 340 9380 5391 4878 3089 685 2566 737 7429 3943 3926 2298 8633 5700 9056 6655 7045 8436 9796 7958 5010 1795 763 4289 948 9194 4623
25 341 3358 639 6473 5877 7575 2614 3474 6023 4090 7358 3505 1848 1605 8722 5077 9625 6130 6742 1088 2410 9099 7714 5185 2746
27 342 7227 5172 1643 9801 575 6022 359 5092 959 4079 8302 8040 4951 4059 2847 543 7345 4957 3264 6035 3593 419 1329 2106 4284 7602
28 343 5468 1729 4925 7656 4142 5829 6698 7351 4984 4072 7586 8943 9629 8303 8646 385 5534 7889 2725 4355 4460 3771 4573 3099 7500 4667 7225
28 344 4780 2104 8388 3743 7067 1412 3529 6626 8834 5557 7570 8145 6523 4307 3248 4511 3095 8297 9090 8480 1029 675 7989 4591 6184 9103 7260
29 345 5952 1204 5703 973 5658 4231 6868 9725 3406 5565 2352 3815 1475 6990 3029 603 9901 5451 9014 5975 6300 3746 6017 3471 9314 8679 407 9335
29 346 8150 7782 9504 9835 5889 8282 2618 1167 7633 6177 4920 9616 3240 7344 4671 6477 1675 6792 3625 4616 2157 5054 2394 4026 3801 6726 6515 6144
31 347 8645 8442 718 1135 9843 1304 6775 6472 2625 5258 4808 1978 3989 9124 4826 736 9936 8345 1040 6732 8091 2427 5272 8216 2081 8429 4939 4724 9304 5343
30 348 5477 9164 8171 4543 9788 1332 4306 2247 8335 7946 5369 2571 1533 3492 2407 5042 6422 6824 1798 8566 1915 4196 6463 2715 3433 2692 6218 6953 9704
34 349 1178 6007 5030 6042 8323 4619 1195 5133 8118 1266 7926 2271 7415 3719 6892 3387 2649 4715 6956 3340 7672 3835 8616 9474 7337 897 6209 2617 7168 7601 4527 3783 9280
